[12-27 15:46:24] [INFO] [cn.ztion.Start:14] --程序开始执行
[12-27 15:46:24] [INFO] [cn.ztion.tools.ReadFile:22] --加载cookie文件...
[12-27 15:46:24] [INFO] [cn.ztion.tools.ReadFile:35] --加载到1条cookie数据
[12-27 15:46:25] [INFO] [cn.ztion.net.ApiTakumi:51] --开始加载游戏角色
[12-27 15:47:14] [INFO] [cn.ztion.Start:14] --程序开始执行
[12-27 15:47:14] [INFO] [cn.ztion.tools.ReadFile:22] --加载cookie文件...
[12-27 15:47:14] [INFO] [cn.ztion.tools.ReadFile:35] --加载到1条cookie数据
[12-27 15:47:14] [INFO] [cn.ztion.net.ApiTakumi:51] --开始加载游戏角色
[12-27 15:51:16] [INFO] [cn.ztion.Start:14] --程序开始执行
[12-27 15:51:16] [INFO] [cn.ztion.tools.ReadFile:22] --加载cookie文件...
[12-27 15:51:16] [INFO] [cn.ztion.tools.ReadFile:35] --加载到1条cookie数据
[12-27 15:51:17] [INFO] [cn.ztion.net.ApiTakumi:51] --开始加载游戏角色
[12-27 15:51:46] [INFO] [cn.ztion.Start:14] --程序开始执行
[12-27 15:51:46] [INFO] [cn.ztion.tools.ReadFile:22] --加载cookie文件...
[12-27 15:51:46] [INFO] [cn.ztion.tools.ReadFile:35] --加载到1条cookie数据
[12-27 15:51:46] [INFO] [cn.ztion.net.ApiTakumi:51] --开始加载游戏角色
[12-27 15:53:29] [INFO] [cn.ztion.Start:14] --程序开始执行
[12-27 15:53:29] [INFO] [cn.ztion.tools.ReadFile:22] --加载cookie文件...
[12-27 15:53:29] [INFO] [cn.ztion.tools.ReadFile:35] --加载到1条cookie数据
[12-27 15:53:29] [INFO] [cn.ztion.net.ApiTakumi:51] --开始加载游戏角色
[12-27 15:54:29] [INFO] [cn.ztion.Start:14] --程序开始执行
[12-27 15:54:29] [INFO] [cn.ztion.tools.ReadFile:22] --加载cookie文件...
[12-27 15:54:29] [INFO] [cn.ztion.tools.ReadFile:35] --加载到1条cookie数据
[12-27 15:54:29] [INFO] [cn.ztion.net.ApiTakumi:51] --开始加载游戏角色
[12-27 15:55:11] [INFO] [cn.ztion.Start:14] --程序开始执行
[12-27 15:55:11] [INFO] [cn.ztion.tools.ReadFile:22] --加载cookie文件...
[12-27 15:55:11] [INFO] [cn.ztion.tools.ReadFile:35] --加载到1条cookie数据
[12-27 15:55:12] [INFO] [cn.ztion.net.ApiTakumi:51] --开始加载游戏角色
[12-27 15:55:12] [INFO] [cn.ztion.net.ApiTakumi:75] --加载到角色:'流连少女',UID:145602663
[12-27 15:55:12] [INFO] [cn.ztion.net.ApiTakumi:86] --共加载到:1个游戏角色
[12-27 15:55:12] [INFO] [cn.ztion.net.ApiTakumi:18] --开始签到
[12-27 15:55:12] [INFO] [cn.ztion.net.ApiTakumi:21] -------------------------
[12-27 15:55:12] [INFO] [cn.ztion.net.ApiTakumi:22] --开始签到角色:流连少女
[12-27 15:55:12] [INFO] [cn.ztion.net.ApiTakumi:38] --流连少女 签到结果: 签到成功
[12-27 15:55:12] [INFO] [cn.ztion.net.ApiTakumi:46] -------------------------
[12-27 15:55:12] [INFO] [cn.ztion.net.ApiTakumi:47] --总共签到数量:1,成功返回数量:1
[12-27 15:55:12] [INFO] [cn.ztion.Start:20] --开启定时任务,每天将自动签到
[12-27 15:55:12] [INFO] [cn.ztion.Start:53] --程序正常运行中
[12-27 15:57:05] [INFO] [cn.ztion.Start:14] --程序开始执行
[12-27 15:57:05] [INFO] [cn.ztion.tools.ReadFile:22] --加载cookie文件...
[12-27 15:57:05] [INFO] [cn.ztion.tools.ReadFile:35] --加载到1条cookie数据
[12-27 15:57:06] [INFO] [cn.ztion.net.ApiTakumi:51] --开始加载游戏角色
[12-27 15:57:22] [INFO] [cn.ztion.Start:14] --程序开始执行
[12-27 15:57:22] [INFO] [cn.ztion.tools.ReadFile:22] --加载cookie文件...
[12-27 15:57:22] [INFO] [cn.ztion.tools.ReadFile:35] --加载到1条cookie数据
[12-27 15:57:22] [INFO] [cn.ztion.net.ApiTakumi:51] --开始加载游戏角色
[12-27 15:57:24] [INFO] [cn.ztion.net.ApiTakumi:75] --加载到角色:'流连少女',UID:145602663
[12-27 15:57:24] [INFO] [cn.ztion.net.ApiTakumi:88] --共加载到:1个游戏角色
[12-27 15:57:24] [INFO] [cn.ztion.net.ApiTakumi:18] --开始签到
[12-27 15:57:24] [INFO] [cn.ztion.net.ApiTakumi:21] -------------------------
[12-27 15:57:24] [INFO] [cn.ztion.net.ApiTakumi:22] --开始签到角色:流连少女
[12-27 15:57:24] [INFO] [cn.ztion.net.ApiTakumi:38] --流连少女 签到结果: 旅行者,你已经签到过了
[12-27 15:57:24] [INFO] [cn.ztion.net.ApiTakumi:46] -------------------------
[12-27 15:57:24] [INFO] [cn.ztion.net.ApiTakumi:47] --总共签到数量:1,成功返回数量:1
[12-27 15:57:24] [INFO] [cn.ztion.Start:20] --开启定时任务,每天将自动签到
[12-27 15:57:24] [INFO] [cn.ztion.Start:53] --程序正常运行中
[12-27 15:57:41] [INFO] [cn.ztion.Start:14] --程序开始执行
[12-27 15:57:41] [INFO] [cn.ztion.tools.ReadFile:22] --加载cookie文件...
[12-27 15:57:41] [INFO] [cn.ztion.tools.ReadFile:35] --加载到1条cookie数据
[12-27 15:57:42] [INFO] [cn.ztion.net.ApiTakumi:51] --开始加载游戏角色
[12-27 15:57:42] [INFO] [cn.ztion.net.ApiTakumi:78] --游戏角色加载失败
[12-27 15:57:42] [ERROR] [cn.ztion.net.ApiTakumi:91] --一个游戏角色也没有加载到，请检查cookie,程序退出
[12-27 15:59:39] [INFO] [cn.ztion.Start:14] --程序开始执行
[12-27 15:59:39] [INFO] [cn.ztion.tools.ReadFile:22] --加载cookie文件...
[12-27 15:59:39] [INFO] [cn.ztion.tools.ReadFile:35] --加载到1条cookie数据
[12-27 15:59:40] [INFO] [cn.ztion.net.ApiTakumi:51] --开始加载游戏角色
[12-27 15:59:41] [INFO] [cn.ztion.net.ApiTakumi:75] --加载到角色:'流连少女',UID:145602663
[12-27 15:59:41] [INFO] [cn.ztion.net.ApiTakumi:88] --共加载到:1个游戏角色
[12-27 15:59:41] [INFO] [cn.ztion.net.ApiTakumi:18] --开始签到
[12-27 15:59:41] [INFO] [cn.ztion.net.ApiTakumi:21] -------------------------
[12-27 15:59:41] [INFO] [cn.ztion.net.ApiTakumi:22] --开始签到角色:流连少女
[12-27 15:59:42] [INFO] [cn.ztion.net.ApiTakumi:38] --流连少女 签到结果: 旅行者,你已经签到过了
[12-27 15:59:42] [INFO] [cn.ztion.net.ApiTakumi:46] -------------------------
[12-27 15:59:42] [INFO] [cn.ztion.net.ApiTakumi:47] --总共签到数量:1,成功返回数量:1
[12-27 15:59:42] [INFO] [cn.ztion.Start:20] --开启定时任务,每天将自动签到
[12-27 15:59:42] [INFO] [cn.ztion.Start:53] --程序正常运行中
[12-27 16:00:07] [INFO] [cn.ztion.Start:14] --程序开始执行
[12-27 16:00:07] [INFO] [cn.ztion.tools.ReadFile:22] --加载cookie文件...
[12-27 16:00:07] [INFO] [cn.ztion.tools.ReadFile:35] --加载到1条cookie数据
[12-27 16:00:07] [INFO] [cn.ztion.net.ApiTakumi:51] --开始加载游戏角色
[12-27 16:00:08] [INFO] [cn.ztion.net.ApiTakumi:75] --加载到角色:'流连少女',UID:145602663
[12-27 16:00:08] [INFO] [cn.ztion.net.ApiTakumi:88] --共加载到:1个游戏角色
[12-27 16:00:08] [INFO] [cn.ztion.net.ApiTakumi:18] --开始签到
[12-27 16:00:08] [INFO] [cn.ztion.net.ApiTakumi:21] -------------------------
[12-27 16:00:08] [INFO] [cn.ztion.net.ApiTakumi:22] --开始签到角色:流连少女
[12-27 16:00:08] [INFO] [cn.ztion.net.ApiTakumi:38] --流连少女 签到结果: 旅行者,你已经签到过了
[12-27 16:00:08] [INFO] [cn.ztion.net.ApiTakumi:46] -------------------------
[12-27 16:00:08] [INFO] [cn.ztion.net.ApiTakumi:47] --总共签到数量:1,成功返回数量:1
[12-27 16:00:08] [INFO] [cn.ztion.Start:20] --开启定时任务,每天将自动签到
[12-27 16:00:08] [INFO] [cn.ztion.Start:53] --程序正常运行中
[12-27 16:00:20] [INFO] [cn.ztion.Start:37] --当前时间:2021-12-27 16:00:20 ,到点开始签到啦!
[12-27 16:00:24] [INFO] [cn.ztion.net.ApiTakumi:18] --开始签到
[12-27 16:00:25] [INFO] [cn.ztion.Start:37] --当前时间:2021-12-27 16:00:25 ,到点开始签到啦!
[12-27 16:00:30] [INFO] [cn.ztion.net.ApiTakumi:18] --开始签到
[12-27 16:00:30] [INFO] [cn.ztion.Start:37] --当前时间:2021-12-27 16:00:30 ,到点开始签到啦!
[12-27 16:01:12] [INFO] [cn.ztion.Start:14] --程序开始执行
[12-27 16:01:12] [INFO] [cn.ztion.tools.ReadFile:22] --加载cookie文件...
[12-27 16:01:12] [INFO] [cn.ztion.tools.ReadFile:35] --加载到1条cookie数据
[12-27 16:01:12] [INFO] [cn.ztion.net.ApiTakumi:51] --开始加载游戏角色
[12-27 16:01:25] [INFO] [cn.ztion.Start:14] --程序开始执行
[12-27 16:01:25] [INFO] [cn.ztion.tools.ReadFile:22] --加载cookie文件...
[12-27 16:01:25] [INFO] [cn.ztion.tools.ReadFile:35] --加载到1条cookie数据
[12-27 16:01:25] [INFO] [cn.ztion.net.ApiTakumi:51] --开始加载游戏角色
[12-27 16:01:26] [INFO] [cn.ztion.net.ApiTakumi:75] --加载到角色:'流连少女',UID:145602663
[12-27 16:01:26] [INFO] [cn.ztion.net.ApiTakumi:88] --共加载到:1个游戏角色
[12-27 16:01:26] [INFO] [cn.ztion.net.ApiTakumi:18] --开始签到
[12-27 16:01:26] [INFO] [cn.ztion.net.ApiTakumi:21] -------------------------
[12-27 16:01:26] [INFO] [cn.ztion.net.ApiTakumi:22] --开始签到角色:流连少女
[12-27 16:01:26] [INFO] [cn.ztion.net.ApiTakumi:38] --流连少女 签到结果: 旅行者,你已经签到过了
[12-27 16:01:26] [INFO] [cn.ztion.net.ApiTakumi:46] -------------------------
[12-27 16:01:26] [INFO] [cn.ztion.net.ApiTakumi:47] --总共签到数量:1,成功返回数量:1
[12-27 16:01:26] [INFO] [cn.ztion.Start:20] --开启定时任务,每天将自动签到
[12-27 16:01:26] [INFO] [cn.ztion.Start:53] --程序正常运行中
[12-27 16:01:50] [INFO] [cn.ztion.Start:37] --当前时间:2021-12-27 16:01:50 ,到点开始签到啦!
[12-27 16:01:53] [INFO] [cn.ztion.net.ApiTakumi:18] --开始签到
[12-27 16:01:53] [INFO] [cn.ztion.net.ApiTakumi:21] -------------------------
[12-27 16:01:53] [INFO] [cn.ztion.net.ApiTakumi:22] --开始签到角色:流连少女
[12-27 16:01:53] [INFO] [cn.ztion.net.ApiTakumi:38] --流连少女 签到结果: 旅行者,你已经签到过了
[12-27 16:01:53] [INFO] [cn.ztion.net.ApiTakumi:46] -------------------------
[12-27 16:01:53] [INFO] [cn.ztion.net.ApiTakumi:47] --总共签到数量:1,成功返回数量:1
[12-27 16:01:55] [INFO] [cn.ztion.Start:37] --当前时间:2021-12-27 16:01:55 ,到点开始签到啦!
[12-27 16:01:58] [INFO] [cn.ztion.net.ApiTakumi:18] --开始签到
[12-27 16:01:58] [INFO] [cn.ztion.net.ApiTakumi:21] -------------------------
[12-27 16:01:58] [INFO] [cn.ztion.net.ApiTakumi:22] --开始签到角色:流连少女
[12-27 16:01:58] [INFO] [cn.ztion.net.ApiTakumi:38] --流连少女 签到结果: 旅行者,你已经签到过了
[12-27 16:01:58] [INFO] [cn.ztion.net.ApiTakumi:46] -------------------------
[12-27 16:01:58] [INFO] [cn.ztion.net.ApiTakumi:47] --总共签到数量:1,成功返回数量:1
[12-27 16:02:00] [INFO] [cn.ztion.Start:37] --当前时间:2021-12-27 16:02:00 ,到点开始签到啦!
[12-27 16:06:08] [INFO] [cn.ztion.Start:14] --程序开始执行
[12-27 16:06:08] [INFO] [cn.ztion.tools.ReadFile:22] --加载cookie文件...
[12-27 16:06:08] [INFO] [cn.ztion.tools.ReadFile:35] --加载到1条cookie数据
[12-27 16:06:08] [INFO] [cn.ztion.net.ApiTakumi:51] --开始加载游戏角色
[12-27 16:06:10] [INFO] [cn.ztion.net.ApiTakumi:75] --加载到角色:'流连少女',UID:145602663
[12-27 16:06:10] [INFO] [cn.ztion.net.ApiTakumi:88] --共加载到:1个游戏角色
[12-27 16:06:10] [INFO] [cn.ztion.net.ApiTakumi:18] --开始签到
[12-27 16:06:10] [INFO] [cn.ztion.net.ApiTakumi:21] -------------------------
[12-27 16:06:10] [INFO] [cn.ztion.net.ApiTakumi:22] --开始签到角色:流连少女
[12-27 16:06:10] [INFO] [cn.ztion.net.ApiTakumi:38] --流连少女 签到结果: 旅行者,你已经签到过了
[12-27 16:06:10] [INFO] [cn.ztion.net.ApiTakumi:46] -------------------------
[12-27 16:06:10] [INFO] [cn.ztion.net.ApiTakumi:47] --总共签到数量:1,成功返回数量:1
[12-27 16:06:10] [INFO] [cn.ztion.Start:20] --开启定时任务,每天将自动签到
[12-27 16:06:10] [INFO] [cn.ztion.Start:53] --程序正常运行中
[12-27 16:07:30] [INFO] [cn.ztion.Start:14] --程序开始执行
[12-27 16:07:30] [INFO] [cn.ztion.tools.ReadFile:22] --加载cookie文件...
[12-27 16:07:30] [INFO] [cn.ztion.tools.ReadFile:35] --加载到1条cookie数据
[12-27 16:07:31] [INFO] [cn.ztion.net.ApiTakumi:51] --开始加载游戏角色
[12-27 16:07:32] [INFO] [cn.ztion.net.ApiTakumi:74] --加载到角色:'流连少女',UID:145602663
[12-27 16:07:32] [INFO] [cn.ztion.net.ApiTakumi:87] --共加载到:1个游戏角色
[12-27 16:07:32] [INFO] [cn.ztion.net.ApiTakumi:18] --开始签到
[12-27 16:07:32] [INFO] [cn.ztion.net.ApiTakumi:21] -------------------------
[12-27 16:07:32] [INFO] [cn.ztion.net.ApiTakumi:22] --开始签到角色:流连少女
[12-27 16:07:32] [INFO] [cn.ztion.net.ApiTakumi:38] --流连少女 签到结果: 旅行者,你已经签到过了
[12-27 16:07:32] [INFO] [cn.ztion.net.ApiTakumi:46] -------------------------
[12-27 16:07:32] [INFO] [cn.ztion.net.ApiTakumi:47] --总共签到数量:1,成功返回数量:1
[12-27 16:07:32] [INFO] [cn.ztion.Start:20] --开启定时任务,每天将自动签到
[12-27 16:07:32] [INFO] [cn.ztion.Start:53] --程序正常运行中
[01-01 15:43:59] [INFO] [cn.ztion.Start:14] --程序开始执行
[01-01 15:43:59] [INFO] [cn.ztion.tools.ReadFile:22] --加载cookie文件...
[01-01 15:43:59] [INFO] [cn.ztion.tools.ReadFile:35] --加载到1条cookie数据
[01-01 15:43:59] [INFO] [cn.ztion.net.ApiTakumi:51] --开始加载游戏角色
[01-01 15:44:00] [INFO] [cn.ztion.net.ApiTakumi:74] --加载到角色:'流连少女',UID:145602663
[01-01 15:44:00] [INFO] [cn.ztion.net.ApiTakumi:87] --共加载到:1个游戏角色
[01-01 15:44:00] [INFO] [cn.ztion.net.ApiTakumi:18] --开始签到
[01-01 15:44:00] [INFO] [cn.ztion.net.ApiTakumi:21] -------------------------
[01-01 15:44:00] [INFO] [cn.ztion.net.ApiTakumi:22] --开始签到角色:流连少女
[01-01 15:44:00] [INFO] [cn.ztion.net.ApiTakumi:38] --流连少女 签到结果: 请在米游社App内打开~
[01-01 15:44:00] [INFO] [cn.ztion.net.ApiTakumi:46] -------------------------
[01-01 15:44:00] [INFO] [cn.ztion.net.ApiTakumi:47] --总共签到数量:1,成功返回数量:1
[01-01 15:44:00] [INFO] [cn.ztion.Start:20] --开启定时任务,每天将自动签到
[01-01 15:44:00] [INFO] [cn.ztion.Start:53] --程序正常运行中
[01-01 15:45:14] [INFO] [cn.ztion.Start:14] --程序开始执行
[01-01 15:45:14] [INFO] [cn.ztion.tools.ReadFile:22] --加载cookie文件...
[01-01 15:45:14] [INFO] [cn.ztion.tools.ReadFile:35] --加载到1条cookie数据
[01-01 15:45:14] [INFO] [cn.ztion.net.ApiTakumi:51] --开始加载游戏角色
[01-01 15:45:15] [INFO] [cn.ztion.net.ApiTakumi:74] --加载到角色:'流连少女',UID:145602663
[01-01 15:45:15] [INFO] [cn.ztion.net.ApiTakumi:87] --共加载到:1个游戏角色
[01-01 15:45:15] [INFO] [cn.ztion.net.ApiTakumi:18] --开始签到
[01-01 15:45:15] [INFO] [cn.ztion.net.ApiTakumi:21] -------------------------
[01-01 15:45:15] [INFO] [cn.ztion.net.ApiTakumi:22] --开始签到角色:流连少女
[01-01 15:45:15] [INFO] [cn.ztion.net.ApiTakumi:38] --流连少女 签到结果: 请求异常
[01-01 15:45:15] [INFO] [cn.ztion.net.ApiTakumi:46] -------------------------
[01-01 15:45:15] [INFO] [cn.ztion.net.ApiTakumi:47] --总共签到数量:1,成功返回数量:1
[01-01 15:45:15] [INFO] [cn.ztion.Start:20] --开启定时任务,每天将自动签到
[01-01 15:45:15] [INFO] [cn.ztion.Start:53] --程序正常运行中
[01-01 15:48:16] [INFO] [cn.ztion.Start:14] --程序开始执行
[01-01 15:48:16] [INFO] [cn.ztion.tools.ReadFile:22] --加载cookie文件...
[01-01 15:48:16] [INFO] [cn.ztion.tools.ReadFile:35] --加载到1条cookie数据
[01-01 15:48:17] [INFO] [cn.ztion.net.ApiTakumi:51] --开始加载游戏角色
[01-01 15:48:17] [INFO] [cn.ztion.net.ApiTakumi:74] --加载到角色:'流连少女',UID:145602663
[01-01 15:48:17] [INFO] [cn.ztion.net.ApiTakumi:87] --共加载到:1个游戏角色
[01-01 15:48:17] [INFO] [cn.ztion.net.ApiTakumi:18] --开始签到
[01-01 15:48:17] [INFO] [cn.ztion.net.ApiTakumi:21] -------------------------
[01-01 15:48:17] [INFO] [cn.ztion.net.ApiTakumi:22] --开始签到角色:流连少女
[01-01 15:48:17] [INFO] [cn.ztion.net.ApiTakumi:38] --流连少女 签到结果: 签到成功
[01-01 15:48:17] [INFO] [cn.ztion.net.ApiTakumi:46] -------------------------
[01-01 15:48:17] [INFO] [cn.ztion.net.ApiTakumi:47] --总共签到数量:1,成功返回数量:1
[01-01 15:48:17] [INFO] [cn.ztion.Start:20] --开启定时任务,每天将自动签到
[01-01 15:48:17] [INFO] [cn.ztion.Start:53] --程序正常运行中
[01-01 15:49:27] [INFO] [cn.ztion.Start:14] --程序开始执行
[01-01 15:49:27] [INFO] [cn.ztion.tools.ReadFile:22] --加载cookie文件...
[01-01 15:49:27] [INFO] [cn.ztion.tools.ReadFile:35] --加载到1条cookie数据
[01-01 15:49:27] [INFO] [cn.ztion.net.ApiTakumi:51] --开始加载游戏角色
[01-01 15:49:28] [INFO] [cn.ztion.net.ApiTakumi:74] --加载到角色:'流连少女',UID:145602663
[01-01 15:49:28] [INFO] [cn.ztion.net.ApiTakumi:87] --共加载到:1个游戏角色
[01-01 15:49:28] [INFO] [cn.ztion.net.ApiTakumi:18] --开始签到
[01-01 15:49:28] [INFO] [cn.ztion.net.ApiTakumi:21] -------------------------
[01-01 15:49:28] [INFO] [cn.ztion.net.ApiTakumi:22] --开始签到角色:流连少女
[01-01 15:49:28] [INFO] [cn.ztion.net.ApiTakumi:38] --流连少女 签到结果: 请求异常
[01-01 15:49:28] [INFO] [cn.ztion.net.ApiTakumi:46] -------------------------
[01-01 15:49:28] [INFO] [cn.ztion.net.ApiTakumi:47] --总共签到数量:1,成功返回数量:1
[01-01 15:49:28] [INFO] [cn.ztion.Start:20] --开启定时任务,每天将自动签到
[01-01 15:49:28] [INFO] [cn.ztion.Start:53] --程序正常运行中
[01-01 15:49:47] [INFO] [cn.ztion.Start:14] --程序开始执行
[01-01 15:49:47] [INFO] [cn.ztion.tools.ReadFile:22] --加载cookie文件...
[01-01 15:49:47] [INFO] [cn.ztion.tools.ReadFile:35] --加载到1条cookie数据
[01-01 15:49:47] [INFO] [cn.ztion.net.ApiTakumi:51] --开始加载游戏角色
[01-01 15:49:48] [INFO] [cn.ztion.net.ApiTakumi:74] --加载到角色:'流连少女',UID:145602663
[01-01 15:49:48] [INFO] [cn.ztion.net.ApiTakumi:87] --共加载到:1个游戏角色
[01-01 15:49:48] [INFO] [cn.ztion.net.ApiTakumi:18] --开始签到
[01-01 15:49:48] [INFO] [cn.ztion.net.ApiTakumi:21] -------------------------
[01-01 15:49:48] [INFO] [cn.ztion.net.ApiTakumi:22] --开始签到角色:流连少女
[01-01 15:49:48] [INFO] [cn.ztion.net.ApiTakumi:38] --流连少女 签到结果: 请求异常
[01-01 15:49:48] [INFO] [cn.ztion.net.ApiTakumi:46] -------------------------
[01-01 15:49:48] [INFO] [cn.ztion.net.ApiTakumi:47] --总共签到数量:1,成功返回数量:1
[01-01 15:49:48] [INFO] [cn.ztion.Start:20] --开启定时任务,每天将自动签到
[01-01 15:49:48] [INFO] [cn.ztion.Start:53] --程序正常运行中
[01-01 15:51:02] [INFO] [cn.ztion.Start:14] --程序开始执行
[01-01 15:51:02] [INFO] [cn.ztion.tools.ReadFile:22] --加载cookie文件...
[01-01 15:51:02] [INFO] [cn.ztion.tools.ReadFile:35] --加载到1条cookie数据
[01-01 15:51:02] [INFO] [cn.ztion.net.ApiTakumi:51] --开始加载游戏角色
[01-01 15:51:03] [INFO] [cn.ztion.net.ApiTakumi:74] --加载到角色:'流连少女',UID:145602663
[01-01 15:51:03] [INFO] [cn.ztion.net.ApiTakumi:87] --共加载到:1个游戏角色
[01-01 15:51:03] [INFO] [cn.ztion.net.ApiTakumi:18] --开始签到
[01-01 15:51:03] [INFO] [cn.ztion.net.ApiTakumi:21] -------------------------
[01-01 15:51:03] [INFO] [cn.ztion.net.ApiTakumi:22] --开始签到角色:流连少女
[01-01 15:51:03] [INFO] [cn.ztion.net.ApiTakumi:38] --流连少女 签到结果: 旅行者,你已经签到过了
[01-01 15:51:03] [INFO] [cn.ztion.net.ApiTakumi:46] -------------------------
[01-01 15:51:03] [INFO] [cn.ztion.net.ApiTakumi:47] --总共签到数量:1,成功返回数量:1
[01-01 15:51:03] [INFO] [cn.ztion.Start:20] --开启定时任务,每天将自动签到
[01-01 15:51:03] [INFO] [cn.ztion.Start:53] --程序正常运行中
[01-01 15:51:08] [INFO] [cn.ztion.Start:14] --程序开始执行
[01-01 15:51:08] [INFO] [cn.ztion.tools.ReadFile:22] --加载cookie文件...
[01-01 15:51:08] [INFO] [cn.ztion.tools.ReadFile:35] --加载到1条cookie数据
[01-01 15:51:09] [INFO] [cn.ztion.net.ApiTakumi:51] --开始加载游戏角色
[01-01 15:51:09] [INFO] [cn.ztion.net.ApiTakumi:74] --加载到角色:'流连少女',UID:145602663
[01-01 15:51:09] [INFO] [cn.ztion.net.ApiTakumi:87] --共加载到:1个游戏角色
[01-01 15:51:09] [INFO] [cn.ztion.net.ApiTakumi:18] --开始签到
[01-01 15:51:09] [INFO] [cn.ztion.net.ApiTakumi:21] -------------------------
[01-01 15:51:09] [INFO] [cn.ztion.net.ApiTakumi:22] --开始签到角色:流连少女
[01-01 15:51:09] [INFO] [cn.ztion.net.ApiTakumi:38] --流连少女 签到结果: 旅行者,你已经签到过了
[01-01 15:51:09] [INFO] [cn.ztion.net.ApiTakumi:46] -------------------------
[01-01 15:51:09] [INFO] [cn.ztion.net.ApiTakumi:47] --总共签到数量:1,成功返回数量:1
[01-01 15:51:09] [INFO] [cn.ztion.Start:20] --开启定时任务,每天将自动签到
[01-01 15:51:09] [INFO] [cn.ztion.Start:53] --程序正常运行中
[01-01 16:32:14] [INFO] [cn.ztion.Start:14] --程序开始执行
[01-01 16:32:14] [INFO] [cn.ztion.tools.ReadFile:22] --加载cookie文件...
[01-01 16:32:14] [INFO] [cn.ztion.tools.ReadFile:35] --加载到1条cookie数据
[01-01 16:32:14] [INFO] [cn.ztion.net.ApiTakumi:51] --开始加载游戏角色
[01-01 16:32:15] [INFO] [cn.ztion.net.ApiTakumi:74] --加载到角色:'流连少女',UID:145602663
[01-01 16:32:15] [INFO] [cn.ztion.net.ApiTakumi:87] --共加载到:1个游戏角色
[01-01 16:32:15] [INFO] [cn.ztion.net.ApiTakumi:18] --开始签到
[01-01 16:32:15] [INFO] [cn.ztion.net.ApiTakumi:21] -------------------------
[01-01 16:32:15] [INFO] [cn.ztion.net.ApiTakumi:22] --开始签到角色:流连少女
[01-01 16:32:15] [INFO] [cn.ztion.net.ApiTakumi:38] --流连少女 签到结果: 旅行者,你已经签到过了
[01-01 16:32:15] [INFO] [cn.ztion.net.ApiTakumi:46] -------------------------
[01-01 16:32:15] [INFO] [cn.ztion.net.ApiTakumi:47] --总共签到数量:1,成功返回数量:1
[01-01 16:32:15] [INFO] [cn.ztion.Start:20] --开启定时任务,每天将自动签到
[01-01 16:32:15] [INFO] [cn.ztion.Start:53] --程序正常运行中
[01-01 16:38:52] [INFO] [cn.ztion.Start:14] --程序开始执行
[01-01 16:38:52] [INFO] [cn.ztion.tools.ReadFile:22] --加载cookie文件...
[01-01 16:38:52] [INFO] [cn.ztion.tools.ReadFile:35] --加载到1条cookie数据
[01-01 16:38:52] [INFO] [cn.ztion.net.ApiTakumi:52] --开始加载游戏角色
[01-01 16:38:53] [INFO] [cn.ztion.net.ApiTakumi:76] --加载到角色:'流连少女',UID:145602663
[01-01 16:38:53] [INFO] [cn.ztion.net.ApiTakumi:91] --共加载到:1个游戏角色
[01-01 16:38:53] [INFO] [cn.ztion.net.ApiTakumi:19] --开始签到
[01-01 16:38:53] [INFO] [cn.ztion.net.ApiTakumi:22] -------------------------
[01-01 16:38:53] [INFO] [cn.ztion.net.ApiTakumi:23] --开始签到角色:流连少女
[01-01 16:38:53] [INFO] [cn.ztion.net.ApiTakumi:39] --流连少女 签到结果: 旅行者,你已经签到过了
[01-01 16:38:53] [INFO] [cn.ztion.net.ApiTakumi:47] -------------------------
[01-01 16:38:53] [INFO] [cn.ztion.net.ApiTakumi:48] --总共签到数量:1,成功返回数量:1
[01-01 16:38:53] [INFO] [cn.ztion.Start:20] --开启定时任务,每天将自动签到
[01-01 16:38:53] [INFO] [cn.ztion.Start:53] --程序正常运行中
[01-02 23:33:06] [INFO] [cn.ztion.Start:17] --程序开始!
[01-02 23:36:26] [INFO] [cn.ztion.Start:17] --程序开始!
[01-02 23:36:26] [INFO] [cn.ztion.tools.ReadFile:22] --加载qq-cookie文件...
[01-02 23:36:26] [INFO] [cn.ztion.tools.ReadFile:34] --加载到0条cookie数据
[01-02 23:43:33] [INFO] [cn.ztion.Start:17] --程序开始!
[01-02 23:43:33] [INFO] [cn.ztion.tools.ReadFile:23] --加载qq-cookie文件...
[01-02 23:43:33] [INFO] [cn.ztion.tools.ReadFile:36] --加载到0条cookie数据
[01-02 23:44:18] [INFO] [cn.ztion.Start:17] --程序开始!
[01-02 23:44:18] [INFO] [cn.ztion.tools.ReadFile:23] --加载qq-cookie文件...
[01-02 23:44:18] [INFO] [cn.ztion.tools.ReadFile:39] --加载到0条cookie数据
[01-02 23:44:39] [INFO] [cn.ztion.Start:17] --程序开始!
[01-02 23:44:39] [INFO] [cn.ztion.tools.ReadFile:23] --加载qq-cookie文件...
[01-02 23:44:39] [INFO] [cn.ztion.tools.ReadFile:39] --加载到0条cookie数据
[01-02 23:44:53] [INFO] [cn.ztion.Start:17] --程序开始!
[01-02 23:44:53] [INFO] [cn.ztion.tools.ReadFile:23] --加载qq-cookie文件...
[01-02 23:44:53] [INFO] [cn.ztion.tools.ReadFile:39] --加载到0条cookie数据
[01-02 23:45:05] [INFO] [cn.ztion.Start:17] --程序开始!
[01-02 23:45:05] [INFO] [cn.ztion.tools.ReadFile:23] --加载qq-cookie文件...
[01-02 23:45:05] [INFO] [cn.ztion.tools.ReadFile:39] --加载到0条cookie数据
[01-02 23:45:08] [INFO] [cn.ztion.Start:17] --程序开始!
[01-02 23:45:08] [INFO] [cn.ztion.tools.ReadFile:23] --加载qq-cookie文件...
[01-02 23:45:08] [INFO] [cn.ztion.tools.ReadFile:39] --加载到0条cookie数据
[01-02 23:48:42] [INFO] [cn.ztion.Start:17] --程序开始!
[01-02 23:48:42] [INFO] [cn.ztion.tools.ReadFile:24] --加载qq-cookie文件...
[01-02 23:48:42] [INFO] [cn.ztion.tools.ReadFile:36] --加载到一条无效数据，已跳过，内容:12312
[01-02 23:48:42] [INFO] [cn.ztion.tools.ReadFile:43] --加载到2条cookie数据
[01-02 23:49:25] [INFO] [cn.ztion.Start:17] --程序开始!
[01-02 23:49:25] [INFO] [cn.ztion.tools.ReadFile:24] --加载qq-cookie文件...
[01-02 23:49:25] [INFO] [cn.ztion.tools.ReadFile:36] --加载到一条无效数据，已跳过，内容:12312
[01-02 23:49:25] [INFO] [cn.ztion.tools.ReadFile:44] --加载到1条cookie数据
[01-02 23:49:39] [INFO] [cn.ztion.Start:17] --程序开始!
[01-02 23:49:39] [INFO] [cn.ztion.tools.ReadFile:24] --加载qq-cookie文件...
[01-02 23:49:39] [INFO] [cn.ztion.tools.ReadFile:36] --加载到一条无效数据，已跳过，内容:12312
[01-02 23:49:39] [INFO] [cn.ztion.tools.ReadFile:44] --加载到1条cookie数据
[01-02 23:49:56] [INFO] [cn.ztion.Start:17] --程序开始!
[01-02 23:49:56] [INFO] [cn.ztion.tools.ReadFile:24] --加载qq-cookie文件...
[01-02 23:49:56] [INFO] [cn.ztion.tools.ReadFile:36] --加载到一条无效数据，已跳过，内容:12312
[01-02 23:49:56] [INFO] [cn.ztion.tools.ReadFile:44] --总共加载到1条cookie数据
[01-03 00:03:15] [INFO] [cn.ztion.Start:18] --程序开始!开始加载cookie数据
[01-03 00:03:15] [INFO] [cn.ztion.tools.ReadFile:24] --加载qq-cookie文件...
[01-03 00:03:15] [INFO] [cn.ztion.tools.ReadFile:35] --加载到一条无效数据，已跳过，内容:12312
[01-03 00:03:15] [INFO] [cn.ztion.tools.ReadFile:42] --总共加载到1条cookie数据
[01-03 00:12:25] [INFO] [cn.ztion.Start:21] --程序开始!开始加载cookie数据
[01-03 00:12:25] [INFO] [cn.ztion.tools.ReadFile:24] --加载qq-cookie文件...
[01-03 00:12:25] [INFO] [cn.ztion.tools.ReadFile:35] --加载到一条无效数据，已跳过，内容:12312
[01-03 00:12:25] [INFO] [cn.ztion.tools.ReadFile:42] --总共加载到1条cookie数据
[01-03 00:12:25] [INFO] [cn.ztion.Start:23] --开始登录机器人
[01-03 00:12:25] [INFO] [cn.ztion.bot.BotMaker:31] --机器人配置文件读取失败
[01-03 00:12:42] [INFO] [cn.ztion.Start:21] --程序开始!开始加载cookie数据
[01-03 00:12:42] [INFO] [cn.ztion.tools.ReadFile:24] --加载qq-cookie文件...
[01-03 00:12:42] [INFO] [cn.ztion.tools.ReadFile:35] --加载到一条无效数据，已跳过，内容:12312
[01-03 00:12:42] [INFO] [cn.ztion.tools.ReadFile:42] --总共加载到1条cookie数据
[01-03 00:12:42] [INFO] [cn.ztion.Start:23] --开始登录机器人
[01-03 00:13:38] [INFO] [cn.ztion.Start:21] --程序开始!开始加载cookie数据
[01-03 00:13:38] [INFO] [cn.ztion.tools.ReadFile:24] --加载qq-cookie文件...
[01-03 00:13:38] [INFO] [cn.ztion.tools.ReadFile:35] --加载到一条无效数据，已跳过，内容:12312
[01-03 00:13:38] [INFO] [cn.ztion.tools.ReadFile:42] --总共加载到1条cookie数据
[01-03 00:13:38] [INFO] [cn.ztion.Start:23] --开始登录机器人
[01-03 00:14:36] [INFO] [cn.ztion.Start:21] --程序开始!开始加载cookie数据
[01-03 00:14:36] [INFO] [cn.ztion.tools.ReadFile:24] --加载qq-cookie文件...
[01-03 00:14:36] [INFO] [cn.ztion.tools.ReadFile:35] --加载到一条无效数据，已跳过，内容:12312
[01-03 00:14:36] [INFO] [cn.ztion.tools.ReadFile:42] --总共加载到1条cookie数据
[01-03 00:14:36] [INFO] [cn.ztion.Start:23] --开始登录机器人
[01-03 00:14:37] [INFO] [cn.ztion.bot.BotMaker:47] --登录中......
[01-03 00:16:44] [INFO] [cn.ztion.Start:21] --程序开始!开始加载cookie数据
[01-03 00:16:44] [INFO] [cn.ztion.tools.ReadFile:24] --加载qq-cookie文件...
[01-03 00:16:44] [INFO] [cn.ztion.tools.ReadFile:35] --加载到一条无效数据，已跳过，内容:12312
[01-03 00:16:44] [INFO] [cn.ztion.tools.ReadFile:42] --总共加载到1条cookie数据
[01-03 00:16:44] [INFO] [cn.ztion.Start:23] --开始登录机器人
[01-03 00:16:45] [INFO] [cn.ztion.bot.BotMaker:49] --登录中......
[01-03 00:19:14] [INFO] [cn.ztion.Start:21] --程序开始!开始加载cookie数据
[01-03 00:19:14] [INFO] [cn.ztion.tools.ReadFile:24] --加载qq-cookie文件...
[01-03 00:19:14] [INFO] [cn.ztion.tools.ReadFile:35] --加载到一条无效数据，已跳过，内容:12312
[01-03 00:19:14] [INFO] [cn.ztion.tools.ReadFile:42] --总共加载到1条cookie数据
[01-03 00:19:14] [INFO] [cn.ztion.Start:23] --开始登录机器人
[01-03 00:19:15] [INFO] [cn.ztion.bot.BotMaker:49] --登录中......
[01-03 00:19:56] [INFO] [cn.ztion.Start:21] --程序开始!开始加载cookie数据
[01-03 00:19:56] [INFO] [cn.ztion.tools.ReadFile:24] --加载qq-cookie文件...
[01-03 00:19:56] [INFO] [cn.ztion.tools.ReadFile:35] --加载到一条无效数据，已跳过，内容:12312
[01-03 00:19:56] [INFO] [cn.ztion.tools.ReadFile:42] --总共加载到1条cookie数据
[01-03 00:19:56] [INFO] [cn.ztion.Start:23] --开始登录机器人
[01-03 00:19:57] [INFO] [cn.ztion.bot.BotMaker:49] --登录中......
[01-03 00:19:59] [INFO] [cn.ztion.bot.BotMaker:52] --账号登录成功:null
[01-03 00:19:59] [INFO] [cn.ztion.bot.BotMaker:53] --好友数量:40
[01-03 00:19:59] [INFO] [cn.ztion.bot.BotMaker:54] --群聊数量:10
[01-03 00:21:21] [INFO] [cn.ztion.Start:21] --程序开始!开始加载cookie数据
[01-03 00:21:21] [INFO] [cn.ztion.tools.ReadFile:24] --加载qq-cookie文件...
[01-03 00:21:21] [INFO] [cn.ztion.tools.ReadFile:35] --加载到一条无效数据，已跳过，内容:12312
[01-03 00:21:21] [INFO] [cn.ztion.tools.ReadFile:42] --总共加载到1条cookie数据
[01-03 00:21:21] [INFO] [cn.ztion.Start:23] --开始登录机器人
[01-03 00:21:23] [INFO] [cn.ztion.bot.BotMaker:49] --登录中......
[01-03 00:23:14] [INFO] [cn.ztion.Start:21] --程序开始!开始加载cookie数据
[01-03 00:23:14] [INFO] [cn.ztion.tools.ReadFile:24] --加载qq-cookie文件...
[01-03 00:23:14] [INFO] [cn.ztion.tools.ReadFile:35] --加载到一条无效数据，已跳过，内容:12312
[01-03 00:23:14] [INFO] [cn.ztion.tools.ReadFile:42] --总共加载到1条cookie数据
[01-03 00:23:14] [INFO] [cn.ztion.Start:23] --开始登录机器人
[01-03 00:23:15] [INFO] [cn.ztion.bot.BotMaker:49] --登录中......
[01-03 00:23:29] [INFO] [cn.ztion.Start:21] --程序开始!开始加载cookie数据
[01-03 00:23:29] [INFO] [cn.ztion.tools.ReadFile:24] --加载qq-cookie文件...
[01-03 00:23:29] [INFO] [cn.ztion.tools.ReadFile:35] --加载到一条无效数据，已跳过，内容:12312
[01-03 00:23:29] [INFO] [cn.ztion.tools.ReadFile:42] --总共加载到1条cookie数据
[01-03 00:23:29] [INFO] [cn.ztion.Start:23] --开始登录机器人
[01-03 00:23:30] [INFO] [cn.ztion.bot.BotMaker:49] --登录中......
[01-03 00:24:07] [INFO] [cn.ztion.Start:21] --程序开始!开始加载cookie数据
[01-03 00:24:07] [INFO] [cn.ztion.tools.ReadFile:24] --加载qq-cookie文件...
[01-03 00:24:07] [INFO] [cn.ztion.tools.ReadFile:35] --加载到一条无效数据，已跳过，内容:12312
[01-03 00:24:07] [INFO] [cn.ztion.tools.ReadFile:42] --总共加载到1条cookie数据
[01-03 00:24:07] [INFO] [cn.ztion.Start:23] --开始登录机器人
[01-03 00:24:09] [INFO] [cn.ztion.bot.BotMaker:49] --登录中......
[01-03 00:24:27] [INFO] [cn.ztion.Start:21] --程序开始!开始加载cookie数据
[01-03 00:24:27] [INFO] [cn.ztion.tools.ReadFile:24] --加载qq-cookie文件...
[01-03 00:24:27] [INFO] [cn.ztion.tools.ReadFile:35] --加载到一条无效数据，已跳过，内容:12312
[01-03 00:24:27] [INFO] [cn.ztion.tools.ReadFile:42] --总共加载到1条cookie数据
[01-03 00:24:27] [INFO] [cn.ztion.Start:23] --开始登录机器人
[01-03 00:24:28] [INFO] [cn.ztion.bot.BotMaker:49] --登录中......
[01-03 00:25:33] [INFO] [cn.ztion.Start:21] --程序开始!开始加载cookie数据
[01-03 00:25:33] [INFO] [cn.ztion.tools.ReadFile:24] --加载qq-cookie文件...
[01-03 00:25:33] [INFO] [cn.ztion.tools.ReadFile:35] --加载到一条无效数据，已跳过，内容:12312
[01-03 00:25:33] [INFO] [cn.ztion.tools.ReadFile:42] --总共加载到1条cookie数据
[01-03 00:25:33] [INFO] [cn.ztion.Start:23] --开始登录机器人
[01-03 00:25:35] [INFO] [cn.ztion.bot.BotMaker:49] --登录中......
[01-03 00:25:37] [INFO] [cn.ztion.bot.BotMaker:52] --账号登录成功:null
[01-03 00:25:37] [INFO] [cn.ztion.bot.BotMaker:53] --好友数量:40
[01-03 00:25:37] [INFO] [cn.ztion.bot.BotMaker:54] --群聊数量:10
[01-03 00:28:36] [INFO] [cn.ztion.Start:21] --程序开始!开始加载cookie数据
[01-03 00:28:36] [INFO] [cn.ztion.tools.ReadFile:24] --加载qq-cookie文件...
[01-03 00:28:36] [INFO] [cn.ztion.tools.ReadFile:35] --加载到一条无效数据，已跳过，内容:12312
[01-03 00:28:36] [INFO] [cn.ztion.tools.ReadFile:42] --总共加载到1条cookie数据
[01-03 00:28:36] [INFO] [cn.ztion.Start:23] --开始登录机器人
[01-03 00:28:37] [INFO] [cn.ztion.bot.BotMaker:49] --登录中......
[01-03 00:28:39] [INFO] [cn.ztion.bot.BotMaker:52] --账号登录成功:47925328
[01-03 00:28:39] [INFO] [cn.ztion.bot.BotMaker:53] --好友数量:40
[01-03 00:28:39] [INFO] [cn.ztion.bot.BotMaker:54] --群聊数量:10
[01-03 00:29:24] [INFO] [cn.ztion.Start:21] --程序开始!开始加载cookie数据
[01-03 00:29:24] [INFO] [cn.ztion.tools.ReadFile:24] --加载qq-cookie文件...
[01-03 00:29:24] [INFO] [cn.ztion.tools.ReadFile:35] --加载到一条无效数据，已跳过，内容:12312
[01-03 00:29:24] [INFO] [cn.ztion.tools.ReadFile:42] --总共加载到1条cookie数据
[01-03 00:29:24] [INFO] [cn.ztion.Start:23] --开始登录机器人
[01-03 00:29:25] [INFO] [cn.ztion.bot.BotMaker:49] --登录中......
[01-03 00:34:09] [INFO] [cn.ztion.Start:21] --程序开始!开始加载cookie数据
[01-03 00:34:09] [INFO] [cn.ztion.tools.ReadFile:24] --加载qq-cookie文件...
[01-03 00:34:09] [INFO] [cn.ztion.tools.ReadFile:35] --加载到一条无效数据，已跳过，内容:12312
[01-03 00:34:09] [INFO] [cn.ztion.tools.ReadFile:42] --总共加载到1条cookie数据
[01-03 00:34:09] [INFO] [cn.ztion.Start:23] --开始登录机器人
[01-03 00:34:10] [INFO] [cn.ztion.bot.BotMaker:49] --登录中......
[01-03 00:40:57] [INFO] [cn.ztion.Start:21] --程序开始!开始加载cookie数据
[01-03 00:40:57] [INFO] [cn.ztion.tools.ReadFile:24] --加载qq-cookie文件...
[01-03 00:40:57] [INFO] [cn.ztion.tools.ReadFile:35] --加载到一条无效数据，已跳过，内容:12312
[01-03 00:40:57] [INFO] [cn.ztion.tools.ReadFile:42] --总共加载到1条cookie数据
[01-03 00:40:57] [INFO] [cn.ztion.Start:23] --开始登录机器人
[01-03 00:40:58] [INFO] [cn.ztion.bot.BotMaker:49] --登录中......
[01-03 00:40:58] [INFO] [cn.ztion.bot.solver.BotSolver:22] --需要进行图片验证:
[01-03 00:40:58] [INFO] [cn.ztion.bot.solver.BotSolver:30] --写入验证图片错误
[01-03 00:40:58] [INFO] [cn.ztion.bot.solver.BotSolver:33] --请输入验证码,验证码图片在程序目录下cache/img/d87f5273b1754effa4755a9b2288b536.jpg
[01-03 00:42:08] [INFO] [cn.ztion.Start:21] --程序开始!开始加载cookie数据
[01-03 00:42:08] [INFO] [cn.ztion.tools.ReadFile:24] --加载qq-cookie文件...
[01-03 00:42:08] [INFO] [cn.ztion.tools.ReadFile:35] --加载到一条无效数据，已跳过，内容:12312
[01-03 00:42:08] [INFO] [cn.ztion.tools.ReadFile:42] --总共加载到1条cookie数据
[01-03 00:42:08] [INFO] [cn.ztion.Start:23] --开始登录机器人
[01-03 00:42:09] [INFO] [cn.ztion.bot.BotMaker:49] --登录中......
[01-03 00:42:10] [INFO] [cn.ztion.bot.solver.BotSolver:22] --需要进行图片验证:
[01-03 00:42:10] [INFO] [cn.ztion.bot.solver.BotSolver:30] --写入验证图片错误
[01-03 00:42:10] [INFO] [cn.ztion.bot.solver.BotSolver:33] --请输入验证码,验证码图片在程序目录下cache/img/5233288f64a8495b939b55890eb17776.jpg
[01-03 00:42:23] [INFO] [cn.ztion.Start:21] --程序开始!开始加载cookie数据
[01-03 00:42:23] [INFO] [cn.ztion.tools.ReadFile:24] --加载qq-cookie文件...
[01-03 00:42:23] [INFO] [cn.ztion.tools.ReadFile:35] --加载到一条无效数据，已跳过，内容:12312
[01-03 00:42:23] [INFO] [cn.ztion.tools.ReadFile:42] --总共加载到1条cookie数据
[01-03 00:42:23] [INFO] [cn.ztion.Start:23] --开始登录机器人
[01-03 00:42:25] [INFO] [cn.ztion.bot.BotMaker:49] --登录中......
[01-03 00:42:25] [INFO] [cn.ztion.bot.solver.BotSolver:22] --需要进行图片验证:
[01-03 00:42:25] [INFO] [cn.ztion.bot.solver.BotSolver:33] --请输入验证码,验证码图片在程序目录下cache/img/6353a0aff748491081551f14043027c4.jpg
[01-03 00:43:14] [INFO] [cn.ztion.Start:21] --程序开始!开始加载cookie数据
[01-03 00:43:14] [INFO] [cn.ztion.tools.ReadFile:24] --加载qq-cookie文件...
[01-03 00:43:14] [INFO] [cn.ztion.tools.ReadFile:35] --加载到一条无效数据，已跳过，内容:12312
[01-03 00:43:14] [INFO] [cn.ztion.tools.ReadFile:42] --总共加载到1条cookie数据
[01-03 00:43:14] [INFO] [cn.ztion.Start:23] --开始登录机器人
[01-03 00:43:15] [INFO] [cn.ztion.bot.BotMaker:49] --登录中......
[01-03 00:43:16] [INFO] [cn.ztion.bot.solver.BotSolver:22] --需要进行图片验证:
[01-03 00:43:16] [INFO] [cn.ztion.bot.solver.BotSolver:33] --请输入验证码,验证码图片在程序目录下cache/img/351126fa69594f4b8cebcee4209fd2a9.jpg
[01-03 00:44:40] [INFO] [cn.ztion.Start:21] --程序开始!开始加载cookie数据
[01-03 00:44:40] [INFO] [cn.ztion.tools.ReadFile:24] --加载qq-cookie文件...
[01-03 00:44:40] [INFO] [cn.ztion.tools.ReadFile:35] --加载到一条无效数据，已跳过，内容:12312
[01-03 00:44:40] [INFO] [cn.ztion.tools.ReadFile:42] --总共加载到1条cookie数据
[01-03 00:44:40] [INFO] [cn.ztion.Start:23] --开始登录机器人
[01-03 00:44:41] [INFO] [cn.ztion.bot.BotMaker:49] --登录中......
[01-03 00:44:44] [INFO] [cn.ztion.bot.BotMaker:52] --账号登录成功:47925328
[01-03 00:44:44] [INFO] [cn.ztion.bot.BotMaker:53] --好友数量:41
[01-03 00:44:44] [INFO] [cn.ztion.bot.BotMaker:54] --群聊数量:10
[01-03 16:47:51] [INFO] [cn.ztion.Start:21] --程序开始!开始加载cookie数据
[01-03 16:47:51] [INFO] [cn.ztion.tools.ReadFile:24] --加载qq-cookie文件...
[01-03 16:47:51] [INFO] [cn.ztion.tools.ReadFile:35] --加载到一条无效数据，已跳过，内容:12312
[01-03 16:47:51] [INFO] [cn.ztion.tools.ReadFile:42] --总共加载到1条cookie数据
[01-03 16:47:51] [INFO] [cn.ztion.Start:23] --开始登录机器人
[01-03 16:47:52] [INFO] [cn.ztion.bot.BotMaker:48] --登录中......
[01-03 16:47:55] [INFO] [cn.ztion.bot.BotMaker:51] --账号登录成功:47925328
[01-03 16:47:55] [INFO] [cn.ztion.bot.BotMaker:52] --好友数量:41
[01-03 16:47:55] [INFO] [cn.ztion.bot.BotMaker:53] --群聊数量:10
[01-03 16:47:55] [INFO] [cn.ztion.net.ApiTakumi:53] --开始加载游戏角色
[01-03 16:47:55] [INFO] [cn.ztion.net.ApiTakumi:77] --加载到角色:'字笙',UID:104466688
[01-03 16:47:55] [INFO] [cn.ztion.net.ApiTakumi:92] --共加载到:1个游戏角色
[01-03 16:50:36] [INFO] [cn.ztion.Start:21] --程序开始!开始加载cookie数据
[01-03 16:50:36] [INFO] [cn.ztion.tools.ReadFile:24] --加载qq-cookie文件...
[01-03 16:50:36] [INFO] [cn.ztion.tools.ReadFile:35] --加载到一条无效数据，已跳过，内容:12312
[01-03 16:50:36] [INFO] [cn.ztion.tools.ReadFile:42] --总共加载到1条cookie数据
[01-03 16:50:36] [INFO] [cn.ztion.Start:23] --开始登录机器人
[01-03 16:50:37] [INFO] [cn.ztion.bot.BotMaker:48] --登录中......
[01-03 16:50:39] [INFO] [cn.ztion.bot.BotMaker:51] --账号登录成功:47925328
[01-03 16:50:39] [INFO] [cn.ztion.bot.BotMaker:52] --好友数量:41
[01-03 16:50:39] [INFO] [cn.ztion.bot.BotMaker:53] --群聊数量:10
[01-03 16:50:39] [INFO] [cn.ztion.net.ApiTakumi:53] --开始加载游戏角色
[01-03 16:50:40] [INFO] [cn.ztion.net.ApiTakumi:77] --加载到角色:'字笙',UID:104466688
[01-03 16:50:40] [INFO] [cn.ztion.net.ApiTakumi:93] --共加载到:1个游戏角色
[01-03 17:08:34] [INFO] [cn.ztion.Start:21] --程序开始!开始加载cookie数据
[01-03 17:08:34] [INFO] [cn.ztion.tools.ReadFile:24] --加载qq-cookie文件...
[01-03 17:08:34] [INFO] [cn.ztion.tools.ReadFile:35] --加载到一条无效数据，已跳过，内容:12312
[01-03 17:08:34] [INFO] [cn.ztion.tools.ReadFile:42] --总共加载到1条cookie数据
[01-03 17:08:34] [INFO] [cn.ztion.Start:23] --开始登录机器人
[01-03 17:08:36] [INFO] [cn.ztion.bot.BotMaker:51] --登录中......
[01-03 17:08:38] [INFO] [cn.ztion.bot.BotMaker:54] --账号登录成功:47925328
[01-03 17:08:38] [INFO] [cn.ztion.bot.BotMaker:55] --好友数量:41
[01-03 17:08:38] [INFO] [cn.ztion.bot.BotMaker:56] --群聊数量:10
[01-03 17:08:38] [INFO] [cn.ztion.net.ApiTakumi:59] --开始加载游戏角色
[01-03 17:08:39] [INFO] [cn.ztion.net.ApiTakumi:83] --加载到角色:'字笙',UID:104466688
[01-03 17:08:39] [INFO] [cn.ztion.net.ApiTakumi:98] --共加载到:1个游戏角色
[01-03 17:08:39] [INFO] [cn.ztion.net.ApiTakumi:22] --开始签到
[01-03 17:08:39] [INFO] [cn.ztion.net.ApiTakumi:27] -------------------------
[01-03 17:08:39] [INFO] [cn.ztion.net.ApiTakumi:28] --开始签到角色:字笙
[01-03 17:08:39] [INFO] [cn.ztion.net.ApiTakumi:44] --字笙 签到结果: 旅行者,你已经签到过了
[01-03 17:09:17] [INFO] [cn.ztion.Start:21] --程序开始!开始加载cookie数据
[01-03 17:09:17] [INFO] [cn.ztion.tools.ReadFile:24] --加载qq-cookie文件...
[01-03 17:09:17] [INFO] [cn.ztion.tools.ReadFile:35] --加载到一条无效数据，已跳过，内容:12312
[01-03 17:09:17] [INFO] [cn.ztion.tools.ReadFile:42] --总共加载到1条cookie数据
[01-03 17:09:17] [INFO] [cn.ztion.Start:23] --开始登录机器人
[01-03 17:09:19] [INFO] [cn.ztion.bot.BotMaker:51] --登录中......
[01-03 17:09:21] [INFO] [cn.ztion.bot.BotMaker:54] --账号登录成功:47925328
[01-03 17:09:21] [INFO] [cn.ztion.bot.BotMaker:55] --好友数量:41
[01-03 17:09:21] [INFO] [cn.ztion.bot.BotMaker:56] --群聊数量:10
[01-03 17:09:21] [INFO] [cn.ztion.net.ApiTakumi:59] --开始加载游戏角色
[01-03 17:09:21] [INFO] [cn.ztion.net.ApiTakumi:83] --加载到角色:'字笙',UID:104466688
[01-03 17:09:21] [INFO] [cn.ztion.net.ApiTakumi:98] --共加载到:1个游戏角色
[01-03 17:09:21] [INFO] [cn.ztion.net.ApiTakumi:22] --开始签到
[01-03 17:09:21] [INFO] [cn.ztion.net.ApiTakumi:27] -------------------------
[01-03 17:09:21] [INFO] [cn.ztion.net.ApiTakumi:28] --开始签到角色:字笙
[01-03 17:09:21] [INFO] [cn.ztion.net.ApiTakumi:44] --字笙 签到结果: 旅行者,你已经签到过了
[01-03 17:20:29] [INFO] [cn.ztion.net.ApiTakumi:25] --获取签到奖励列表
[01-03 17:20:51] [INFO] [cn.ztion.net.ApiTakumi:25] --获取签到奖励列表
[01-03 17:23:31] [INFO] [cn.ztion.net.ApiTakumi:25] --获取签到奖励列表
[01-03 17:23:45] [INFO] [cn.ztion.net.ApiTakumi:25] --获取签到奖励列表
[01-03 17:24:15] [INFO] [cn.ztion.net.ApiTakumi:25] --获取签到奖励列表
[01-03 17:24:33] [INFO] [cn.ztion.net.ApiTakumi:25] --获取签到奖励列表
[01-03 17:24:49] [INFO] [cn.ztion.net.ApiTakumi:25] --获取签到奖励列表
[01-03 17:25:36] [INFO] [cn.ztion.net.ApiTakumi:25] --获取签到奖励列表
[01-03 17:25:51] [INFO] [cn.ztion.net.ApiTakumi:25] --获取签到奖励列表
[01-03 17:25:51] [INFO] [cn.ztion.net.ApiTakumi:42] --获取签到奖励列表失败
[01-03 17:26:05] [INFO] [cn.ztion.net.ApiTakumi:25] --获取签到奖励列表
[01-03 17:27:08] [INFO] [cn.ztion.net.ApiTakumi:25] --获取签到奖励列表
[01-03 17:31:55] [INFO] [cn.ztion.net.ApiTakumi:26] --获取签到奖励列表
[01-03 17:38:48] [INFO] [cn.ztion.Start:22] --程序开始!开始加载cookie数据
[01-03 17:38:48] [INFO] [cn.ztion.tools.ReadFile:24] --加载qq-cookie文件...
[01-03 17:38:48] [INFO] [cn.ztion.tools.ReadFile:35] --加载到一条无效数据，已跳过，内容:12312
[01-03 17:38:48] [INFO] [cn.ztion.tools.ReadFile:42] --总共加载到1条cookie数据
[01-03 17:38:48] [INFO] [cn.ztion.net.ApiTakumi:23] --获取签到奖励列表
[01-03 17:38:49] [INFO] [cn.ztion.Start:25] --开始登录机器人
[01-03 17:38:50] [INFO] [cn.ztion.bot.BotMaker:51] --登录中......
[01-03 17:38:52] [INFO] [cn.ztion.bot.BotMaker:54] --账号登录成功:47925328
[01-03 17:38:52] [INFO] [cn.ztion.bot.BotMaker:55] --好友数量:41
[01-03 17:38:52] [INFO] [cn.ztion.bot.BotMaker:56] --群聊数量:10
[01-03 17:38:52] [INFO] [cn.ztion.net.ApiTakumi:89] --开始加载游戏角色
[01-03 17:38:52] [INFO] [cn.ztion.net.ApiTakumi:113] --加载到角色:'字笙',UID:104466688
[01-03 17:38:52] [INFO] [cn.ztion.net.ApiTakumi:128] --共加载到:1个游戏角色
[01-03 17:38:52] [INFO] [cn.ztion.net.ApiTakumi:52] --开始签到
[01-03 17:38:52] [INFO] [cn.ztion.net.ApiTakumi:57] -------------------------
[01-03 17:38:52] [INFO] [cn.ztion.net.ApiTakumi:58] --开始签到角色:字笙
[01-03 17:38:52] [INFO] [cn.ztion.net.ApiTakumi:74] --字笙 签到结果: 旅行者,你已经签到过了
[01-03 17:55:56] [INFO] [cn.ztion.Start:22] --程序开始!开始加载cookie数据
[01-03 17:55:56] [INFO] [cn.ztion.tools.ReadFile:24] --加载qq-cookie文件...
[01-03 17:55:56] [INFO] [cn.ztion.tools.ReadFile:35] --加载到一条无效数据，已跳过，内容:12312
[01-03 17:55:56] [INFO] [cn.ztion.tools.ReadFile:42] --总共加载到1条cookie数据
[01-03 17:55:56] [INFO] [cn.ztion.net.ApiTakumi:49] --获取签到奖励列表
[01-03 17:55:57] [INFO] [cn.ztion.Start:25] --开始登录机器人
[01-03 17:55:58] [INFO] [cn.ztion.bot.BotMaker:51] --登录中......
[01-03 17:56:00] [INFO] [cn.ztion.bot.BotMaker:54] --账号登录成功:47925328
[01-03 17:56:00] [INFO] [cn.ztion.bot.BotMaker:55] --好友数量:41
[01-03 17:56:00] [INFO] [cn.ztion.bot.BotMaker:56] --群聊数量:10
[01-03 17:56:00] [INFO] [cn.ztion.net.ApiTakumi:114] --开始加载游戏角色
[01-03 17:56:00] [INFO] [cn.ztion.net.ApiTakumi:138] --加载到角色:'字笙',UID:104466688
[01-03 17:56:00] [INFO] [cn.ztion.net.ApiTakumi:155] --共加载到:1个游戏角色
[01-03 17:56:00] [INFO] [cn.ztion.net.ApiTakumi:77] --开始签到
[01-03 17:56:00] [INFO] [cn.ztion.net.ApiTakumi:82] -------------------------
[01-03 17:56:00] [INFO] [cn.ztion.net.ApiTakumi:83] --开始签到角色:字笙
[01-03 17:56:00] [INFO] [cn.ztion.net.ApiTakumi:99] --字笙 签到结果: 旅行者,你已经签到过了
[01-03 18:16:45] [INFO] [cn.ztion.Start:22] --程序开始!开始加载cookie数据
[01-03 18:16:45] [INFO] [cn.ztion.tools.ReadFile:24] --加载qq-cookie文件...
[01-03 18:16:45] [INFO] [cn.ztion.tools.ReadFile:35] --加载到一条无效数据，已跳过，内容:12312
[01-03 18:16:45] [INFO] [cn.ztion.tools.ReadFile:42] --总共加载到1条cookie数据
[01-03 18:16:46] [INFO] [cn.ztion.net.ApiTakumi:49] --获取签到奖励列表
[01-03 18:16:46] [INFO] [cn.ztion.Start:25] --开始登录机器人
[01-03 18:16:47] [INFO] [cn.ztion.bot.BotMaker:51] --登录中......
[01-03 18:16:49] [INFO] [cn.ztion.bot.BotMaker:54] --账号登录成功:47925328
[01-03 18:16:49] [INFO] [cn.ztion.bot.BotMaker:55] --好友数量:41
[01-03 18:16:49] [INFO] [cn.ztion.bot.BotMaker:56] --群聊数量:10
[01-03 18:16:49] [INFO] [cn.ztion.net.ApiTakumi:115] --开始加载游戏角色
[01-03 18:16:50] [INFO] [cn.ztion.net.ApiTakumi:139] --加载到角色:'字笙',UID:104466688
[01-03 18:16:50] [INFO] [cn.ztion.net.ApiTakumi:155] --共加载到:1个游戏角色
[01-03 18:16:50] [INFO] [cn.ztion.net.ApiTakumi:77] --开始签到
[01-03 18:16:50] [INFO] [cn.ztion.net.ApiTakumi:82] -------------------------
[01-03 18:16:50] [INFO] [cn.ztion.net.ApiTakumi:83] --开始签到角色:字笙
[01-03 18:16:50] [INFO] [cn.ztion.net.ApiTakumi:99] --字笙 签到结果: 旅行者,你已经签到过了
[01-03 19:16:45] [INFO] [cn.ztion.Start:22] --程序开始!开始加载cookie数据
[01-03 19:16:45] [INFO] [cn.ztion.tools.ReadFile:24] --加载qq-cookie文件...
[01-03 19:16:45] [INFO] [cn.ztion.tools.ReadFile:35] --加载到一条无效数据，已跳过，内容:12312
[01-03 19:16:45] [INFO] [cn.ztion.tools.ReadFile:42] --总共加载到1条cookie数据
[01-03 19:16:46] [INFO] [cn.ztion.net.ApiTakumi:50] --获取签到奖励列表
[01-03 19:16:46] [INFO] [cn.ztion.Start:25] --开始登录机器人
[01-03 19:16:47] [INFO] [cn.ztion.bot.BotMaker:51] --登录中......
[01-03 19:16:49] [INFO] [cn.ztion.bot.BotMaker:54] --账号登录成功:47925328
[01-03 19:16:49] [INFO] [cn.ztion.bot.BotMaker:55] --好友数量:41
[01-03 19:16:49] [INFO] [cn.ztion.bot.BotMaker:56] --群聊数量:10
[01-03 19:16:49] [INFO] [cn.ztion.net.ApiTakumi:120] --开始加载游戏角色
[01-03 19:16:49] [INFO] [cn.ztion.net.ApiTakumi:144] --加载到角色:'字笙',UID:104466688
[01-03 19:16:49] [INFO] [cn.ztion.net.ApiTakumi:160] --共加载到:1个游戏角色
[01-03 19:16:49] [INFO] [cn.ztion.net.ApiTakumi:78] --开始签到
[01-03 19:16:49] [INFO] [cn.ztion.net.ApiTakumi:83] -------------------------
[01-03 19:16:49] [INFO] [cn.ztion.net.ApiTakumi:84] --开始签到角色:字笙
[01-03 19:16:50] [INFO] [cn.ztion.net.ApiTakumi:100] --字笙 签到结果: 旅行者,你已经签到过了
[01-03 19:17:56] [INFO] [cn.ztion.Start:22] --程序开始!开始加载cookie数据
[01-03 19:17:56] [INFO] [cn.ztion.tools.ReadFile:24] --加载qq-cookie文件...
[01-03 19:17:57] [INFO] [cn.ztion.tools.ReadFile:35] --加载到一条无效数据，已跳过，内容:12312
[01-03 19:17:57] [INFO] [cn.ztion.tools.ReadFile:42] --总共加载到1条cookie数据
[01-03 19:17:57] [INFO] [cn.ztion.net.ApiTakumi:50] --获取签到奖励列表
[01-03 19:17:57] [INFO] [cn.ztion.Start:25] --开始登录机器人
[01-03 19:17:58] [INFO] [cn.ztion.bot.BotMaker:51] --登录中......
[01-03 19:18:00] [INFO] [cn.ztion.bot.BotMaker:54] --账号登录成功:47925328
[01-03 19:18:00] [INFO] [cn.ztion.bot.BotMaker:55] --好友数量:41
[01-03 19:18:00] [INFO] [cn.ztion.bot.BotMaker:56] --群聊数量:10
[01-03 19:18:00] [INFO] [cn.ztion.net.ApiTakumi:120] --开始加载游戏角色
[01-03 19:18:01] [INFO] [cn.ztion.net.ApiTakumi:144] --加载到角色:'字笙',UID:104466688
[01-03 19:18:01] [INFO] [cn.ztion.net.ApiTakumi:160] --共加载到:1个游戏角色
[01-03 19:18:01] [INFO] [cn.ztion.net.ApiTakumi:78] --开始签到
[01-03 19:18:01] [INFO] [cn.ztion.net.ApiTakumi:83] -------------------------
[01-03 19:18:01] [INFO] [cn.ztion.net.ApiTakumi:84] --开始签到角色:字笙
[01-03 19:18:01] [INFO] [cn.ztion.net.ApiTakumi:100] --字笙 签到结果: 旅行者,你已经签到过了
[01-03 19:20:17] [INFO] [cn.ztion.Start:22] --程序开始!开始加载cookie数据
[01-03 19:20:17] [INFO] [cn.ztion.tools.ReadFile:24] --加载qq-cookie文件...
[01-03 19:20:17] [INFO] [cn.ztion.tools.ReadFile:35] --加载到一条无效数据，已跳过，内容:12312
[01-03 19:20:17] [INFO] [cn.ztion.tools.ReadFile:42] --总共加载到1条cookie数据
[01-03 19:20:18] [INFO] [cn.ztion.net.ApiTakumi:50] --获取签到奖励列表
[01-03 19:20:18] [INFO] [cn.ztion.Start:25] --开始登录机器人
[01-03 19:20:19] [INFO] [cn.ztion.bot.BotMaker:51] --登录中......
[01-03 19:20:21] [INFO] [cn.ztion.bot.BotMaker:54] --账号登录成功:47925328
[01-03 19:20:21] [INFO] [cn.ztion.bot.BotMaker:55] --好友数量:41
[01-03 19:20:21] [INFO] [cn.ztion.bot.BotMaker:56] --群聊数量:10
[01-03 19:20:21] [INFO] [cn.ztion.net.ApiTakumi:120] --开始加载游戏角色
[01-03 19:20:21] [INFO] [cn.ztion.net.ApiTakumi:144] --加载到角色:'字笙',UID:104466688
[01-03 19:20:21] [INFO] [cn.ztion.net.ApiTakumi:160] --共加载到:1个游戏角色
[01-03 19:20:21] [INFO] [cn.ztion.net.ApiTakumi:78] --开始签到
[01-03 19:20:21] [INFO] [cn.ztion.net.ApiTakumi:83] -------------------------
[01-03 19:20:21] [INFO] [cn.ztion.net.ApiTakumi:84] --开始签到角色:字笙
[01-03 19:20:22] [INFO] [cn.ztion.net.ApiTakumi:100] --字笙 签到结果: 旅行者,你已经签到过了
[01-03 19:21:06] [INFO] [cn.ztion.Start:22] --程序开始!开始加载cookie数据
[01-03 19:21:06] [INFO] [cn.ztion.tools.ReadFile:24] --加载qq-cookie文件...
[01-03 19:21:06] [INFO] [cn.ztion.tools.ReadFile:35] --加载到一条无效数据，已跳过，内容:12312
[01-03 19:21:06] [INFO] [cn.ztion.tools.ReadFile:42] --总共加载到1条cookie数据
[01-03 19:21:06] [INFO] [cn.ztion.net.ApiTakumi:50] --获取签到奖励列表
[01-03 19:21:07] [INFO] [cn.ztion.Start:25] --开始登录机器人
[01-03 19:21:07] [INFO] [cn.ztion.bot.BotMaker:51] --登录中......
[01-03 19:21:10] [INFO] [cn.ztion.bot.BotMaker:54] --账号登录成功:47925328
[01-03 19:21:10] [INFO] [cn.ztion.bot.BotMaker:55] --好友数量:41
[01-03 19:21:10] [INFO] [cn.ztion.bot.BotMaker:56] --群聊数量:10
[01-03 19:21:10] [INFO] [cn.ztion.net.ApiTakumi:120] --开始加载游戏角色
[01-03 19:21:10] [INFO] [cn.ztion.net.ApiTakumi:144] --加载到角色:'字笙',UID:104466688
[01-03 19:21:10] [INFO] [cn.ztion.net.ApiTakumi:160] --共加载到:1个游戏角色
[01-03 19:21:10] [INFO] [cn.ztion.net.ApiTakumi:78] --开始签到
[01-03 19:21:10] [INFO] [cn.ztion.net.ApiTakumi:83] -------------------------
[01-03 19:21:10] [INFO] [cn.ztion.net.ApiTakumi:84] --开始签到角色:字笙
[01-03 19:21:10] [INFO] [cn.ztion.net.ApiTakumi:100] --字笙 签到结果: 旅行者,你已经签到过了
[01-03 19:22:02] [INFO] [cn.ztion.Start:22] --程序开始!开始加载cookie数据
[01-03 19:22:02] [INFO] [cn.ztion.tools.ReadFile:24] --加载qq-cookie文件...
[01-03 19:22:02] [INFO] [cn.ztion.tools.ReadFile:35] --加载到一条无效数据，已跳过，内容:12312
[01-03 19:22:02] [INFO] [cn.ztion.tools.ReadFile:42] --总共加载到1条cookie数据
[01-03 19:22:03] [INFO] [cn.ztion.net.ApiTakumi:50] --获取签到奖励列表
[01-03 19:22:03] [INFO] [cn.ztion.Start:25] --开始登录机器人
[01-03 19:22:04] [INFO] [cn.ztion.bot.BotMaker:51] --登录中......
[01-03 19:22:06] [INFO] [cn.ztion.bot.BotMaker:54] --账号登录成功:47925328
[01-03 19:22:06] [INFO] [cn.ztion.bot.BotMaker:55] --好友数量:41
[01-03 19:22:06] [INFO] [cn.ztion.bot.BotMaker:56] --群聊数量:10
[01-03 19:22:06] [INFO] [cn.ztion.net.ApiTakumi:120] --开始加载游戏角色
[01-03 19:22:06] [INFO] [cn.ztion.net.ApiTakumi:144] --加载到角色:'字笙',UID:104466688
[01-03 19:22:07] [INFO] [cn.ztion.net.ApiTakumi:160] --共加载到:1个游戏角色
[01-03 19:22:07] [INFO] [cn.ztion.net.ApiTakumi:78] --开始签到
[01-03 19:22:07] [INFO] [cn.ztion.net.ApiTakumi:83] -------------------------
[01-03 19:22:07] [INFO] [cn.ztion.net.ApiTakumi:84] --开始签到角色:字笙
[01-03 19:22:07] [INFO] [cn.ztion.net.ApiTakumi:100] --字笙 签到结果: 旅行者,你已经签到过了
[01-03 19:23:18] [INFO] [cn.ztion.Start:22] --程序开始!开始加载cookie数据
[01-03 19:23:18] [INFO] [cn.ztion.tools.ReadFile:24] --加载qq-cookie文件...
[01-03 19:23:18] [INFO] [cn.ztion.tools.ReadFile:35] --加载到一条无效数据，已跳过，内容:12312
[01-03 19:23:18] [INFO] [cn.ztion.tools.ReadFile:42] --总共加载到1条cookie数据
[01-03 19:23:19] [INFO] [cn.ztion.net.ApiTakumi:50] --获取签到奖励列表
[01-03 19:23:19] [INFO] [cn.ztion.Start:25] --开始登录机器人
[01-03 19:23:20] [INFO] [cn.ztion.bot.BotMaker:51] --登录中......
[01-03 19:23:22] [INFO] [cn.ztion.bot.BotMaker:54] --账号登录成功:47925328
[01-03 19:23:22] [INFO] [cn.ztion.bot.BotMaker:55] --好友数量:41
[01-03 19:23:22] [INFO] [cn.ztion.bot.BotMaker:56] --群聊数量:10
[01-03 19:23:22] [INFO] [cn.ztion.net.ApiTakumi:121] --开始加载游戏角色
[01-03 19:23:23] [INFO] [cn.ztion.net.ApiTakumi:145] --加载到角色:'字笙',UID:104466688
[01-03 19:23:23] [INFO] [cn.ztion.net.ApiTakumi:161] --共加载到:1个游戏角色
[01-03 19:23:23] [INFO] [cn.ztion.net.ApiTakumi:78] --开始签到
[01-03 19:23:23] [INFO] [cn.ztion.net.ApiTakumi:83] -------------------------
[01-03 19:23:23] [INFO] [cn.ztion.net.ApiTakumi:84] --开始签到角色:字笙
[01-03 19:23:23] [INFO] [cn.ztion.net.ApiTakumi:100] --字笙 签到结果: 旅行者,你已经签到过了
[01-03 19:23:46] [INFO] [cn.ztion.Start:22] --程序开始!开始加载cookie数据
[01-03 19:23:46] [INFO] [cn.ztion.tools.ReadFile:24] --加载qq-cookie文件...
[01-03 19:23:46] [INFO] [cn.ztion.tools.ReadFile:35] --加载到一条无效数据，已跳过，内容:12312
[01-03 19:23:46] [INFO] [cn.ztion.tools.ReadFile:42] --总共加载到1条cookie数据
[01-03 19:23:47] [INFO] [cn.ztion.net.ApiTakumi:50] --获取签到奖励列表
[01-03 19:23:47] [INFO] [cn.ztion.Start:25] --开始登录机器人
[01-03 19:23:48] [INFO] [cn.ztion.bot.BotMaker:51] --登录中......
[01-03 19:23:51] [INFO] [cn.ztion.bot.BotMaker:54] --账号登录成功:47925328
[01-03 19:23:51] [INFO] [cn.ztion.bot.BotMaker:55] --好友数量:41
[01-03 19:23:51] [INFO] [cn.ztion.bot.BotMaker:56] --群聊数量:10
[01-03 19:23:51] [INFO] [cn.ztion.net.ApiTakumi:121] --开始加载游戏角色
[01-03 19:23:51] [INFO] [cn.ztion.net.ApiTakumi:145] --加载到角色:'字笙',UID:104466688
[01-03 19:23:51] [INFO] [cn.ztion.net.ApiTakumi:161] --共加载到:1个游戏角色
[01-03 19:23:51] [INFO] [cn.ztion.net.ApiTakumi:78] --开始签到
[01-03 19:23:51] [INFO] [cn.ztion.net.ApiTakumi:83] -------------------------
[01-03 19:23:51] [INFO] [cn.ztion.net.ApiTakumi:84] --开始签到角色:字笙
[01-03 19:23:51] [INFO] [cn.ztion.net.ApiTakumi:100] --字笙 签到结果: 旅行者,你已经签到过了
[01-03 20:36:14] [INFO] [cn.ztion.Start:22] --程序开始!开始加载cookie数据
[01-03 20:36:14] [INFO] [cn.ztion.tools.ReadFile:24] --加载qq-cookie文件...
[01-03 20:36:14] [INFO] [cn.ztion.tools.ReadFile:35] --加载到一条无效数据，已跳过，内容:12312
[01-03 20:36:14] [INFO] [cn.ztion.tools.ReadFile:42] --总共加载到1条cookie数据
[01-03 20:36:14] [INFO] [cn.ztion.net.ApiTakumi:50] --获取签到奖励列表
[01-03 20:36:15] [INFO] [cn.ztion.Start:25] --开始登录机器人
[01-03 20:36:16] [INFO] [cn.ztion.bot.BotMaker:51] --登录中......
[01-03 20:36:18] [INFO] [cn.ztion.bot.BotMaker:54] --账号登录成功:47925328
[01-03 20:36:18] [INFO] [cn.ztion.bot.BotMaker:55] --好友数量:41
[01-03 20:36:18] [INFO] [cn.ztion.bot.BotMaker:56] --群聊数量:10
[01-03 20:36:18] [INFO] [cn.ztion.net.ApiTakumi:121] --开始加载游戏角色
[01-03 20:36:18] [INFO] [cn.ztion.net.ApiTakumi:145] --加载到角色:'字笙',UID:104466688
[01-03 20:36:18] [INFO] [cn.ztion.net.ApiTakumi:161] --共加载到:1个游戏角色
[01-03 20:36:18] [INFO] [cn.ztion.net.ApiTakumi:78] --开始签到
[01-03 20:36:18] [INFO] [cn.ztion.net.ApiTakumi:83] -------------------------
[01-03 20:36:18] [INFO] [cn.ztion.net.ApiTakumi:84] --开始签到角色:字笙
[01-03 20:36:18] [INFO] [cn.ztion.net.ApiTakumi:100] --字笙 签到结果: 旅行者,你已经签到过了
[01-03 20:38:43] [INFO] [cn.ztion.Start:22] --程序开始!开始加载cookie数据
[01-03 20:38:43] [INFO] [cn.ztion.tools.ReadFile:24] --加载qq-cookie文件...
[01-03 20:38:43] [INFO] [cn.ztion.tools.ReadFile:35] --加载到一条无效数据，已跳过，内容:12312
[01-03 20:38:43] [INFO] [cn.ztion.tools.ReadFile:42] --总共加载到1条cookie数据
[01-03 20:38:43] [INFO] [cn.ztion.net.ApiTakumi:50] --获取签到奖励列表
[01-03 20:38:44] [INFO] [cn.ztion.Start:25] --开始登录机器人
[01-03 20:38:44] [INFO] [cn.ztion.bot.BotMaker:51] --登录中......
[01-03 20:38:47] [INFO] [cn.ztion.bot.BotMaker:54] --账号登录成功:47925328
[01-03 20:38:47] [INFO] [cn.ztion.bot.BotMaker:55] --好友数量:41
[01-03 20:38:47] [INFO] [cn.ztion.bot.BotMaker:56] --群聊数量:10
[01-03 20:38:47] [INFO] [cn.ztion.net.ApiTakumi:121] --开始加载游戏角色
[01-03 20:38:47] [INFO] [cn.ztion.net.ApiTakumi:145] --加载到角色:'字笙',UID:104466688
[01-03 20:38:47] [INFO] [cn.ztion.net.ApiTakumi:161] --共加载到:1个游戏角色
[01-03 20:38:47] [INFO] [cn.ztion.net.ApiTakumi:78] --开始签到
[01-03 20:38:47] [INFO] [cn.ztion.net.ApiTakumi:83] -------------------------
[01-03 20:38:47] [INFO] [cn.ztion.net.ApiTakumi:84] --开始签到角色:字笙
[01-03 20:38:47] [INFO] [cn.ztion.net.ApiTakumi:100] --字笙 签到结果: 旅行者,你已经签到过了
[01-03 20:44:22] [INFO] [cn.ztion.Start:22] --程序开始!开始加载cookie数据
[01-03 20:44:22] [INFO] [cn.ztion.tools.ReadFile:24] --加载qq-cookie文件...
[01-03 20:44:22] [INFO] [cn.ztion.tools.ReadFile:35] --加载到一条无效数据，已跳过，内容:12312
[01-03 20:44:22] [INFO] [cn.ztion.tools.ReadFile:42] --总共加载到1条cookie数据
[01-03 20:44:23] [INFO] [cn.ztion.net.ApiTakumi:50] --获取签到奖励列表
[01-03 20:44:23] [INFO] [cn.ztion.Start:25] --开始登录机器人
[01-03 20:44:24] [INFO] [cn.ztion.bot.BotMaker:51] --登录中......
[01-03 20:44:27] [INFO] [cn.ztion.bot.BotMaker:54] --账号登录成功:47925328
[01-03 20:44:27] [INFO] [cn.ztion.bot.BotMaker:55] --好友数量:41
[01-03 20:44:27] [INFO] [cn.ztion.bot.BotMaker:56] --群聊数量:10
[01-03 20:44:27] [INFO] [cn.ztion.net.ApiTakumi:121] --开始加载游戏角色
[01-03 20:44:27] [INFO] [cn.ztion.net.ApiTakumi:145] --加载到角色:'字笙',UID:104466688
[01-03 20:44:27] [INFO] [cn.ztion.net.ApiTakumi:161] --共加载到:1个游戏角色
[01-03 20:44:27] [INFO] [cn.ztion.net.ApiTakumi:78] --开始签到
[01-03 20:44:27] [INFO] [cn.ztion.net.ApiTakumi:83] -------------------------
[01-03 20:44:27] [INFO] [cn.ztion.net.ApiTakumi:84] --开始签到角色:字笙
[01-03 20:44:27] [INFO] [cn.ztion.net.ApiTakumi:100] --字笙 签到结果: 旅行者,你已经签到过了
[01-03 20:44:27] [INFO] [cn.ztion.tools.Sender:61] --图片加载失败
[01-03 20:45:27] [INFO] [cn.ztion.Start:22] --程序开始!开始加载cookie数据
[01-03 20:45:27] [INFO] [cn.ztion.tools.ReadFile:24] --加载qq-cookie文件...
[01-03 20:45:27] [INFO] [cn.ztion.tools.ReadFile:35] --加载到一条无效数据，已跳过，内容:12312
[01-03 20:45:27] [INFO] [cn.ztion.tools.ReadFile:42] --总共加载到1条cookie数据
[01-03 20:45:28] [INFO] [cn.ztion.net.ApiTakumi:50] --获取签到奖励列表
[01-03 20:45:28] [INFO] [cn.ztion.Start:25] --开始登录机器人
[01-03 20:45:29] [INFO] [cn.ztion.bot.BotMaker:51] --登录中......
[01-03 20:45:31] [INFO] [cn.ztion.bot.BotMaker:54] --账号登录成功:47925328
[01-03 20:45:31] [INFO] [cn.ztion.bot.BotMaker:55] --好友数量:41
[01-03 20:45:31] [INFO] [cn.ztion.bot.BotMaker:56] --群聊数量:10
[01-03 20:45:31] [INFO] [cn.ztion.net.ApiTakumi:121] --开始加载游戏角色
[01-03 20:45:32] [INFO] [cn.ztion.net.ApiTakumi:145] --加载到角色:'字笙',UID:104466688
[01-03 20:45:32] [INFO] [cn.ztion.net.ApiTakumi:161] --共加载到:1个游戏角色
[01-03 20:45:32] [INFO] [cn.ztion.net.ApiTakumi:78] --开始签到
[01-03 20:45:32] [INFO] [cn.ztion.net.ApiTakumi:83] -------------------------
[01-03 20:45:32] [INFO] [cn.ztion.net.ApiTakumi:84] --开始签到角色:字笙
[01-03 20:45:32] [INFO] [cn.ztion.net.ApiTakumi:100] --字笙 签到结果: 旅行者,你已经签到过了
[01-03 21:47:16] [INFO] [cn.ztion.Start:22] --程序开始!开始加载cookie数据
[01-03 21:47:16] [INFO] [cn.ztion.tools.ReadFile:24] --加载qq-cookie文件...
[01-03 21:47:16] [INFO] [cn.ztion.tools.ReadFile:35] --加载到一条无效数据，已跳过，内容:12312
[01-03 21:47:16] [INFO] [cn.ztion.tools.ReadFile:42] --总共加载到1条cookie数据
[01-03 21:47:17] [INFO] [cn.ztion.net.ApiTakumi:50] --获取签到奖励列表
[01-03 21:47:17] [INFO] [cn.ztion.Start:25] --开始登录机器人
[01-03 21:47:18] [INFO] [cn.ztion.bot.BotMaker:51] --登录中......
[01-03 21:47:20] [INFO] [cn.ztion.bot.BotMaker:54] --账号登录成功:47925328
[01-03 21:47:20] [INFO] [cn.ztion.bot.BotMaker:55] --好友数量:41
[01-03 21:47:20] [INFO] [cn.ztion.bot.BotMaker:56] --群聊数量:10
[01-03 21:47:20] [INFO] [cn.ztion.net.ApiTakumi:121] --开始加载游戏角色
[01-03 21:47:20] [INFO] [cn.ztion.net.ApiTakumi:145] --加载到角色:'字笙',UID:104466688
[01-03 21:47:20] [INFO] [cn.ztion.net.ApiTakumi:161] --共加载到:1个游戏角色
[01-03 21:47:20] [INFO] [cn.ztion.net.ApiTakumi:78] --开始签到
[01-03 21:47:20] [INFO] [cn.ztion.net.ApiTakumi:83] -------------------------
[01-03 21:47:20] [INFO] [cn.ztion.net.ApiTakumi:84] --开始签到角色:字笙
[01-03 21:47:20] [INFO] [cn.ztion.net.ApiTakumi:100] --字笙 签到结果: 旅行者,你已经签到过了
[01-03 21:49:31] [INFO] [cn.ztion.Start:22] --程序开始!开始加载cookie数据
[01-03 21:49:31] [INFO] [cn.ztion.tools.ReadFile:24] --加载qq-cookie文件...
[01-03 21:49:31] [INFO] [cn.ztion.tools.ReadFile:35] --加载到一条无效数据，已跳过，内容:12312
[01-03 21:49:31] [INFO] [cn.ztion.tools.ReadFile:42] --总共加载到1条cookie数据
[01-03 21:49:32] [INFO] [cn.ztion.net.ApiTakumi:50] --获取签到奖励列表
[01-03 21:49:32] [INFO] [cn.ztion.Start:25] --开始登录机器人
[01-03 21:49:33] [INFO] [cn.ztion.bot.BotMaker:51] --登录中......
[01-03 21:49:35] [INFO] [cn.ztion.bot.BotMaker:54] --账号登录成功:47925328
[01-03 21:49:35] [INFO] [cn.ztion.bot.BotMaker:55] --好友数量:41
[01-03 21:49:35] [INFO] [cn.ztion.bot.BotMaker:56] --群聊数量:10
[01-03 21:49:35] [INFO] [cn.ztion.net.ApiTakumi:121] --开始加载游戏角色
[01-03 21:49:35] [INFO] [cn.ztion.net.ApiTakumi:145] --加载到角色:'字笙',UID:104466688
[01-03 21:49:36] [INFO] [cn.ztion.net.ApiTakumi:161] --共加载到:1个游戏角色
[01-03 21:49:36] [INFO] [cn.ztion.net.ApiTakumi:78] --开始签到
[01-03 21:49:36] [INFO] [cn.ztion.net.ApiTakumi:83] -------------------------
[01-03 21:49:36] [INFO] [cn.ztion.net.ApiTakumi:84] --开始签到角色:字笙
[01-03 21:49:36] [INFO] [cn.ztion.net.ApiTakumi:100] --字笙 签到结果: 旅行者,你已经签到过了
[01-03 21:50:02] [INFO] [cn.ztion.Start:22] --程序开始!开始加载cookie数据
[01-03 21:50:02] [INFO] [cn.ztion.tools.ReadFile:24] --加载qq-cookie文件...
[01-03 21:50:02] [INFO] [cn.ztion.tools.ReadFile:35] --加载到一条无效数据，已跳过，内容:12312
[01-03 21:50:02] [INFO] [cn.ztion.tools.ReadFile:42] --总共加载到1条cookie数据
[01-03 21:50:02] [INFO] [cn.ztion.net.ApiTakumi:50] --获取签到奖励列表
[01-03 21:50:03] [INFO] [cn.ztion.Start:25] --开始登录机器人
[01-03 21:50:04] [INFO] [cn.ztion.bot.BotMaker:51] --登录中......
[01-03 21:50:06] [INFO] [cn.ztion.bot.BotMaker:54] --账号登录成功:47925328
[01-03 21:50:06] [INFO] [cn.ztion.bot.BotMaker:55] --好友数量:41
[01-03 21:50:06] [INFO] [cn.ztion.bot.BotMaker:56] --群聊数量:10
[01-03 21:50:06] [INFO] [cn.ztion.net.ApiTakumi:121] --开始加载游戏角色
[01-03 21:50:06] [INFO] [cn.ztion.net.ApiTakumi:145] --加载到角色:'字笙',UID:104466688
[01-03 21:50:06] [INFO] [cn.ztion.net.ApiTakumi:161] --共加载到:1个游戏角色
[01-03 21:50:06] [INFO] [cn.ztion.net.ApiTakumi:78] --开始签到
[01-03 21:50:06] [INFO] [cn.ztion.net.ApiTakumi:83] -------------------------
[01-03 21:50:06] [INFO] [cn.ztion.net.ApiTakumi:84] --开始签到角色:字笙
[01-03 21:50:06] [INFO] [cn.ztion.net.ApiTakumi:100] --字笙 签到结果: 旅行者,你已经签到过了
[01-03 21:50:28] [INFO] [cn.ztion.Start:22] --程序开始!开始加载cookie数据
[01-03 21:50:28] [INFO] [cn.ztion.tools.ReadFile:24] --加载qq-cookie文件...
[01-03 21:50:28] [INFO] [cn.ztion.tools.ReadFile:35] --加载到一条无效数据，已跳过，内容:12312
[01-03 21:50:28] [INFO] [cn.ztion.tools.ReadFile:42] --总共加载到1条cookie数据
[01-03 21:50:28] [INFO] [cn.ztion.net.ApiTakumi:50] --获取签到奖励列表
[01-03 21:50:29] [INFO] [cn.ztion.Start:25] --开始登录机器人
[01-03 21:50:30] [INFO] [cn.ztion.bot.BotMaker:51] --登录中......
[01-03 21:50:32] [INFO] [cn.ztion.bot.BotMaker:54] --账号登录成功:47925328
[01-03 21:50:32] [INFO] [cn.ztion.bot.BotMaker:55] --好友数量:41
[01-03 21:50:32] [INFO] [cn.ztion.bot.BotMaker:56] --群聊数量:10
[01-03 21:50:32] [INFO] [cn.ztion.net.ApiTakumi:121] --开始加载游戏角色
[01-03 21:50:32] [INFO] [cn.ztion.net.ApiTakumi:145] --加载到角色:'字笙',UID:104466688
[01-03 21:50:32] [INFO] [cn.ztion.net.ApiTakumi:161] --共加载到:1个游戏角色
[01-03 21:50:32] [INFO] [cn.ztion.net.ApiTakumi:78] --开始签到
[01-03 21:50:32] [INFO] [cn.ztion.net.ApiTakumi:83] -------------------------
[01-03 21:50:32] [INFO] [cn.ztion.net.ApiTakumi:84] --开始签到角色:字笙
[01-03 21:50:32] [INFO] [cn.ztion.net.ApiTakumi:100] --字笙 签到结果: 旅行者,你已经签到过了
[01-03 21:51:51] [INFO] [cn.ztion.Start:22] --程序开始!开始加载cookie数据
[01-03 21:51:51] [INFO] [cn.ztion.tools.ReadFile:24] --加载qq-cookie文件...
[01-03 21:51:51] [INFO] [cn.ztion.tools.ReadFile:35] --加载到一条无效数据，已跳过，内容:12312
[01-03 21:51:51] [INFO] [cn.ztion.tools.ReadFile:42] --总共加载到1条cookie数据
[01-03 21:51:51] [INFO] [cn.ztion.net.ApiTakumi:50] --获取签到奖励列表
[01-03 21:51:52] [INFO] [cn.ztion.Start:25] --开始登录机器人
[01-03 21:51:53] [INFO] [cn.ztion.bot.BotMaker:51] --登录中......
[01-03 21:51:55] [INFO] [cn.ztion.bot.BotMaker:54] --账号登录成功:47925328
[01-03 21:51:55] [INFO] [cn.ztion.bot.BotMaker:55] --好友数量:41
[01-03 21:51:55] [INFO] [cn.ztion.bot.BotMaker:56] --群聊数量:10
[01-03 21:51:55] [INFO] [cn.ztion.net.ApiTakumi:121] --开始加载游戏角色
[01-03 21:51:55] [INFO] [cn.ztion.net.ApiTakumi:145] --加载到角色:'字笙',UID:104466688
[01-03 21:51:55] [INFO] [cn.ztion.net.ApiTakumi:161] --共加载到:1个游戏角色
[01-03 21:51:55] [INFO] [cn.ztion.net.ApiTakumi:78] --开始签到
[01-03 21:51:55] [INFO] [cn.ztion.net.ApiTakumi:83] -------------------------
[01-03 21:51:55] [INFO] [cn.ztion.net.ApiTakumi:84] --开始签到角色:字笙
[01-03 21:51:55] [INFO] [cn.ztion.net.ApiTakumi:100] --字笙 签到结果: 旅行者,你已经签到过了
[01-03 22:01:03] [INFO] [cn.ztion.Start:22] --程序开始!开始加载cookie数据
[01-03 22:01:03] [INFO] [cn.ztion.tools.ReadFile:24] --加载qq-cookie文件...
[01-03 22:01:03] [INFO] [cn.ztion.tools.ReadFile:42] --总共加载到2条cookie数据
[01-03 22:01:03] [INFO] [cn.ztion.net.ApiTakumi:50] --获取签到奖励列表
[01-03 22:01:04] [INFO] [cn.ztion.Start:25] --开始登录机器人
[01-03 22:01:05] [INFO] [cn.ztion.bot.BotMaker:51] --登录中......
[01-03 22:01:07] [INFO] [cn.ztion.bot.BotMaker:54] --账号登录成功:47925328
[01-03 22:01:07] [INFO] [cn.ztion.bot.BotMaker:55] --好友数量:41
[01-03 22:01:07] [INFO] [cn.ztion.bot.BotMaker:56] --群聊数量:10
[01-03 22:01:07] [INFO] [cn.ztion.net.ApiTakumi:121] --开始加载游戏角色
[01-03 22:01:07] [INFO] [cn.ztion.net.ApiTakumi:145] --加载到角色:'字笙',UID:104466688
[01-03 22:01:07] [INFO] [cn.ztion.net.ApiTakumi:145] --加载到角色:'流连少女',UID:145602663
[01-03 22:01:07] [INFO] [cn.ztion.net.ApiTakumi:161] --共加载到:2个游戏角色
[01-03 22:01:07] [INFO] [cn.ztion.net.ApiTakumi:78] --开始签到
[01-03 22:01:07] [INFO] [cn.ztion.net.ApiTakumi:83] -------------------------
[01-03 22:01:07] [INFO] [cn.ztion.net.ApiTakumi:84] --开始签到角色:字笙
[01-03 22:01:07] [INFO] [cn.ztion.net.ApiTakumi:100] --字笙 签到结果: 旅行者,你已经签到过了
[01-03 22:01:07] [INFO] [cn.ztion.net.ApiTakumi:83] -------------------------
[01-03 22:01:07] [INFO] [cn.ztion.net.ApiTakumi:84] --开始签到角色:流连少女
[01-03 22:01:07] [INFO] [cn.ztion.net.ApiTakumi:100] --流连少女 签到结果: 旅行者,你已经签到过了
[01-03 22:01:08] [INFO] [cn.ztion.net.ApiTakumi:83] -------------------------
[01-03 22:01:08] [INFO] [cn.ztion.net.ApiTakumi:84] --开始签到角色:字笙
[01-03 22:01:09] [INFO] [cn.ztion.net.ApiTakumi:100] --字笙 签到结果: 旅行者,你已经签到过了
[01-03 22:01:09] [INFO] [cn.ztion.net.ApiTakumi:83] -------------------------
[01-03 22:01:09] [INFO] [cn.ztion.net.ApiTakumi:84] --开始签到角色:流连少女
[01-03 22:01:09] [INFO] [cn.ztion.net.ApiTakumi:100] --流连少女 签到结果: 旅行者,你已经签到过了
[01-03 22:06:26] [INFO] [cn.ztion.Start:22] --程序开始!开始加载cookie数据
[01-03 22:06:26] [INFO] [cn.ztion.tools.ReadFile:24] --加载qq-cookie文件...
[01-03 22:06:26] [INFO] [cn.ztion.tools.ReadFile:42] --总共加载到2条cookie数据
[01-03 22:06:26] [INFO] [cn.ztion.net.ApiTakumi:50] --获取签到奖励列表
[01-03 22:06:27] [INFO] [cn.ztion.Start:25] --开始登录机器人
[01-03 22:06:28] [INFO] [cn.ztion.bot.BotMaker:51] --登录中......
[01-03 22:06:30] [INFO] [cn.ztion.bot.BotMaker:54] --账号登录成功:47925328
[01-03 22:06:30] [INFO] [cn.ztion.bot.BotMaker:55] --好友数量:41
[01-03 22:06:30] [INFO] [cn.ztion.bot.BotMaker:56] --群聊数量:10
[01-03 22:06:30] [INFO] [cn.ztion.net.ApiTakumi:122] --开始加载游戏角色
[01-03 22:06:30] [INFO] [cn.ztion.net.ApiTakumi:146] --加载到角色:'字笙',UID:104466688
[01-03 22:06:30] [INFO] [cn.ztion.net.ApiTakumi:146] --加载到角色:'流连少女',UID:145602663
[01-03 22:06:30] [INFO] [cn.ztion.net.ApiTakumi:162] --共加载到:2个游戏角色
[01-03 22:06:30] [INFO] [cn.ztion.net.ApiTakumi:78] --开始签到
[01-03 22:06:30] [INFO] [cn.ztion.net.ApiTakumi:84] -------------------------
[01-03 22:06:30] [INFO] [cn.ztion.net.ApiTakumi:85] --开始签到角色:字笙
[01-03 22:06:30] [INFO] [cn.ztion.net.ApiTakumi:101] --字笙 签到结果: 旅行者,你已经签到过了
[01-03 22:06:30] [INFO] [cn.ztion.net.ApiTakumi:84] -------------------------
[01-03 22:06:30] [INFO] [cn.ztion.net.ApiTakumi:85] --开始签到角色:流连少女
[01-03 22:06:30] [INFO] [cn.ztion.net.ApiTakumi:101] --流连少女 签到结果: 旅行者,你已经签到过了
[01-03 22:06:31] [INFO] [cn.ztion.net.ApiTakumi:84] -------------------------
[01-03 22:06:31] [INFO] [cn.ztion.net.ApiTakumi:85] --开始签到角色:字笙
[01-03 22:06:31] [INFO] [cn.ztion.net.ApiTakumi:101] --字笙 签到结果: 旅行者,你已经签到过了
[01-03 22:06:31] [INFO] [cn.ztion.net.ApiTakumi:84] -------------------------
[01-03 22:06:31] [INFO] [cn.ztion.net.ApiTakumi:85] --开始签到角色:流连少女
[01-03 22:06:31] [INFO] [cn.ztion.net.ApiTakumi:101] --流连少女 签到结果: 旅行者,你已经签到过了
[01-03 22:08:17] [INFO] [cn.ztion.Start:22] --程序开始!开始加载cookie数据
[01-03 22:08:17] [INFO] [cn.ztion.tools.ReadFile:24] --加载qq-cookie文件...
[01-03 22:08:17] [INFO] [cn.ztion.tools.ReadFile:42] --总共加载到2条cookie数据
[01-03 22:08:18] [INFO] [cn.ztion.net.ApiTakumi:50] --获取签到奖励列表
[01-03 22:08:18] [INFO] [cn.ztion.Start:25] --开始登录机器人
[01-03 22:08:19] [INFO] [cn.ztion.bot.BotMaker:51] --登录中......
[01-03 22:08:22] [INFO] [cn.ztion.bot.BotMaker:54] --账号登录成功:47925328
[01-03 22:08:22] [INFO] [cn.ztion.bot.BotMaker:55] --好友数量:41
[01-03 22:08:22] [INFO] [cn.ztion.bot.BotMaker:56] --群聊数量:10
[01-03 22:08:22] [INFO] [cn.ztion.net.ApiTakumi:122] --开始加载游戏角色
[01-03 22:08:22] [INFO] [cn.ztion.net.ApiTakumi:146] --加载到角色:'字笙',UID:104466688
[01-03 22:08:22] [INFO] [cn.ztion.net.ApiTakumi:146] --加载到角色:'流连少女',UID:145602663
[01-03 22:08:22] [INFO] [cn.ztion.net.ApiTakumi:162] --共加载到:2个游戏角色
[01-03 22:08:22] [INFO] [cn.ztion.net.ApiTakumi:78] --开始签到
[01-03 22:08:22] [INFO] [cn.ztion.net.ApiTakumi:84] -------------------------
[01-03 22:08:22] [INFO] [cn.ztion.net.ApiTakumi:85] --开始签到角色:字笙
[01-03 22:08:22] [INFO] [cn.ztion.net.ApiTakumi:101] --字笙 签到结果: 旅行者,你已经签到过了
[01-03 22:08:22] [INFO] [cn.ztion.net.ApiTakumi:84] -------------------------
[01-03 22:08:22] [INFO] [cn.ztion.net.ApiTakumi:85] --开始签到角色:流连少女
[01-03 22:08:22] [INFO] [cn.ztion.net.ApiTakumi:101] --流连少女 签到结果: 旅行者,你已经签到过了
[01-03 22:08:23] [INFO] [cn.ztion.net.ApiTakumi:84] -------------------------
[01-03 22:08:23] [INFO] [cn.ztion.net.ApiTakumi:85] --开始签到角色:字笙
[01-03 22:08:23] [INFO] [cn.ztion.net.ApiTakumi:101] --字笙 签到结果: 旅行者,你已经签到过了
[01-03 22:08:23] [INFO] [cn.ztion.net.ApiTakumi:84] -------------------------
[01-03 22:08:23] [INFO] [cn.ztion.net.ApiTakumi:85] --开始签到角色:流连少女
[01-03 22:08:23] [INFO] [cn.ztion.net.ApiTakumi:101] --流连少女 签到结果: 旅行者,你已经签到过了
[01-03 22:14:20] [INFO] [cn.ztion.Start:22] --程序开始!开始加载cookie数据
[01-03 22:14:20] [INFO] [cn.ztion.tools.ReadFile:24] --加载qq-cookie文件...
[01-03 22:14:20] [INFO] [cn.ztion.tools.ReadFile:42] --总共加载到2条cookie数据
[01-03 22:14:20] [INFO] [cn.ztion.net.ApiTakumi:50] --获取签到奖励列表
[01-03 22:14:21] [INFO] [cn.ztion.Start:25] --开始登录机器人
[01-03 22:14:22] [INFO] [cn.ztion.bot.BotMaker:51] --登录中......
[01-03 22:14:24] [INFO] [cn.ztion.bot.BotMaker:54] --账号登录成功:47925328
[01-03 22:14:24] [INFO] [cn.ztion.bot.BotMaker:55] --好友数量:41
[01-03 22:14:24] [INFO] [cn.ztion.bot.BotMaker:56] --群聊数量:10
[01-03 22:14:24] [INFO] [cn.ztion.net.ApiTakumi:122] --开始加载游戏角色
[01-03 22:14:24] [INFO] [cn.ztion.net.ApiTakumi:146] --加载到角色:'字笙',UID:104466688
[01-03 22:14:24] [INFO] [cn.ztion.net.ApiTakumi:146] --加载到角色:'流连少女',UID:145602663
[01-03 22:14:24] [INFO] [cn.ztion.net.ApiTakumi:162] --共加载到:2个游戏角色
[01-03 22:14:24] [INFO] [cn.ztion.net.ApiTakumi:78] --开始签到
[01-03 22:14:24] [INFO] [cn.ztion.net.ApiTakumi:84] -------------------------
[01-03 22:14:24] [INFO] [cn.ztion.net.ApiTakumi:85] --开始签到角色:字笙
[01-03 22:14:24] [INFO] [cn.ztion.net.ApiTakumi:101] --字笙 签到结果: 旅行者,你已经签到过了
[01-03 22:14:24] [INFO] [cn.ztion.net.ApiTakumi:84] -------------------------
[01-03 22:14:24] [INFO] [cn.ztion.net.ApiTakumi:85] --开始签到角色:流连少女
[01-03 22:14:25] [INFO] [cn.ztion.net.ApiTakumi:101] --流连少女 签到结果: 旅行者,你已经签到过了
[01-03 22:14:26] [INFO] [cn.ztion.net.ApiTakumi:84] -------------------------
[01-03 22:14:26] [INFO] [cn.ztion.net.ApiTakumi:85] --开始签到角色:字笙
[01-03 22:14:26] [INFO] [cn.ztion.net.ApiTakumi:101] --字笙 签到结果: 旅行者,你已经签到过了
[01-03 22:14:26] [INFO] [cn.ztion.net.ApiTakumi:84] -------------------------
[01-03 22:14:26] [INFO] [cn.ztion.net.ApiTakumi:85] --开始签到角色:流连少女
[01-03 22:14:26] [INFO] [cn.ztion.net.ApiTakumi:101] --流连少女 签到结果: 旅行者,你已经签到过了
[01-03 22:22:30] [INFO] [cn.ztion.Start:22] --程序开始!开始加载cookie数据
[01-03 22:22:30] [INFO] [cn.ztion.tools.ReadFile:24] --加载qq-cookie文件...
[01-03 22:22:30] [INFO] [cn.ztion.tools.ReadFile:42] --总共加载到2条cookie数据
[01-03 22:22:31] [INFO] [cn.ztion.net.ApiTakumi:50] --获取签到奖励列表
[01-03 22:22:31] [INFO] [cn.ztion.Start:25] --开始登录机器人
[01-03 22:22:32] [INFO] [cn.ztion.bot.BotMaker:51] --登录中......
[01-03 22:22:34] [INFO] [cn.ztion.bot.BotMaker:54] --账号登录成功:47925328
[01-03 22:22:34] [INFO] [cn.ztion.bot.BotMaker:55] --好友数量:41
[01-03 22:22:34] [INFO] [cn.ztion.bot.BotMaker:56] --群聊数量:10
[01-03 22:22:34] [INFO] [cn.ztion.net.ApiTakumi:122] --开始加载游戏角色
[01-03 22:22:34] [INFO] [cn.ztion.net.ApiTakumi:146] --加载到角色:'字笙',UID:104466688
[01-03 22:22:35] [INFO] [cn.ztion.net.ApiTakumi:146] --加载到角色:'流连少女',UID:145602663
[01-03 22:22:35] [INFO] [cn.ztion.net.ApiTakumi:162] --共加载到:2个游戏角色
[01-03 22:22:35] [INFO] [cn.ztion.net.ApiTakumi:78] --开始签到
[01-03 22:22:35] [INFO] [cn.ztion.net.ApiTakumi:83] -------------------------
[01-03 22:22:35] [INFO] [cn.ztion.net.ApiTakumi:84] --开始签到角色:字笙
[01-03 22:22:35] [INFO] [cn.ztion.net.ApiTakumi:101] --字笙 签到结果: 旅行者,你已经签到过了
[01-03 22:22:35] [INFO] [cn.ztion.net.ApiTakumi:83] -------------------------
[01-03 22:22:35] [INFO] [cn.ztion.net.ApiTakumi:84] --开始签到角色:流连少女
[01-03 22:22:35] [INFO] [cn.ztion.net.ApiTakumi:101] --流连少女 签到结果: 旅行者,你已经签到过了
[01-03 22:22:36] [INFO] [cn.ztion.net.ApiTakumi:83] -------------------------
[01-03 22:22:36] [INFO] [cn.ztion.net.ApiTakumi:84] --开始签到角色:字笙
[01-03 22:22:36] [INFO] [cn.ztion.net.ApiTakumi:101] --字笙 签到结果: 旅行者,你已经签到过了
[01-03 22:22:36] [INFO] [cn.ztion.net.ApiTakumi:83] -------------------------
[01-03 22:22:36] [INFO] [cn.ztion.net.ApiTakumi:84] --开始签到角色:流连少女
[01-03 22:22:36] [INFO] [cn.ztion.net.ApiTakumi:101] --流连少女 签到结果: 旅行者,你已经签到过了
[01-03 22:24:34] [INFO] [cn.ztion.Start:22] --程序开始!开始加载cookie数据
[01-03 22:24:34] [INFO] [cn.ztion.tools.ReadFile:24] --加载qq-cookie文件...
[01-03 22:24:34] [INFO] [cn.ztion.tools.ReadFile:42] --总共加载到2条cookie数据
[01-03 22:24:34] [INFO] [cn.ztion.net.ApiTakumi:50] --获取签到奖励列表
[01-03 22:24:35] [INFO] [cn.ztion.Start:25] --开始登录机器人
[01-03 22:24:36] [INFO] [cn.ztion.bot.BotMaker:51] --登录中......
[01-03 22:24:38] [INFO] [cn.ztion.bot.BotMaker:54] --账号登录成功:47925328
[01-03 22:24:38] [INFO] [cn.ztion.bot.BotMaker:55] --好友数量:41
[01-03 22:24:38] [INFO] [cn.ztion.bot.BotMaker:56] --群聊数量:10
[01-03 22:24:38] [INFO] [cn.ztion.net.ApiTakumi:122] --开始加载游戏角色
[01-03 22:24:38] [INFO] [cn.ztion.net.ApiTakumi:146] --加载到角色:'字笙',UID:104466688
[01-03 22:24:38] [INFO] [cn.ztion.net.ApiTakumi:146] --加载到角色:'流连少女',UID:145602663
[01-03 22:24:38] [INFO] [cn.ztion.net.ApiTakumi:162] --共加载到:2个游戏角色
[01-03 22:24:38] [INFO] [cn.ztion.net.ApiTakumi:78] --开始签到
[01-03 22:24:38] [INFO] [cn.ztion.net.ApiTakumi:83] -------------------------
[01-03 22:24:38] [INFO] [cn.ztion.net.ApiTakumi:84] --开始签到角色:字笙
[01-03 22:24:38] [INFO] [cn.ztion.net.ApiTakumi:101] --字笙 签到结果: 旅行者,你已经签到过了
[01-03 22:24:38] [INFO] [cn.ztion.net.ApiTakumi:83] -------------------------
[01-03 22:24:38] [INFO] [cn.ztion.net.ApiTakumi:84] --开始签到角色:流连少女
[01-03 22:24:38] [INFO] [cn.ztion.net.ApiTakumi:101] --流连少女 签到结果: 旅行者,你已经签到过了
[01-03 22:24:39] [INFO] [cn.ztion.net.ApiTakumi:83] -------------------------
[01-03 22:24:39] [INFO] [cn.ztion.net.ApiTakumi:84] --开始签到角色:字笙
[01-03 22:24:39] [INFO] [cn.ztion.net.ApiTakumi:101] --字笙 签到结果: 旅行者,你已经签到过了
[01-03 22:24:39] [INFO] [cn.ztion.net.ApiTakumi:83] -------------------------
[01-03 22:24:39] [INFO] [cn.ztion.net.ApiTakumi:84] --开始签到角色:流连少女
[01-03 22:24:39] [INFO] [cn.ztion.net.ApiTakumi:101] --流连少女 签到结果: 旅行者,你已经签到过了
[01-03 22:26:47] [INFO] [cn.ztion.Start:22] --程序开始!开始加载cookie数据
[01-03 22:26:47] [INFO] [cn.ztion.tools.ReadFile:24] --加载qq-cookie文件...
[01-03 22:26:47] [INFO] [cn.ztion.tools.ReadFile:42] --总共加载到2条cookie数据
[01-03 22:26:47] [INFO] [cn.ztion.net.ApiTakumi:49] --获取签到奖励列表
[01-03 22:26:48] [INFO] [cn.ztion.Start:25] --开始登录机器人
[01-03 22:26:48] [INFO] [cn.ztion.bot.BotMaker:51] --登录中......
[01-03 22:26:51] [INFO] [cn.ztion.bot.BotMaker:54] --账号登录成功:47925328
[01-03 22:26:51] [INFO] [cn.ztion.bot.BotMaker:55] --好友数量:41
[01-03 22:26:51] [INFO] [cn.ztion.bot.BotMaker:56] --群聊数量:10
[01-03 22:26:51] [INFO] [cn.ztion.net.ApiTakumi:121] --开始加载游戏角色
[01-03 22:26:51] [INFO] [cn.ztion.net.ApiTakumi:145] --加载到角色:'字笙',UID:104466688
[01-03 22:26:51] [INFO] [cn.ztion.net.ApiTakumi:145] --加载到角色:'流连少女',UID:145602663
[01-03 22:26:51] [INFO] [cn.ztion.net.ApiTakumi:161] --共加载到:2个游戏角色
[01-03 22:26:51] [INFO] [cn.ztion.net.ApiTakumi:77] --开始签到
[01-03 22:26:51] [INFO] [cn.ztion.net.ApiTakumi:82] -------------------------
[01-03 22:26:51] [INFO] [cn.ztion.net.ApiTakumi:83] --开始签到角色:字笙
[01-03 22:26:51] [INFO] [cn.ztion.net.ApiTakumi:100] --字笙 签到结果: 旅行者,你已经签到过了
[01-03 22:26:51] [INFO] [cn.ztion.net.ApiTakumi:82] -------------------------
[01-03 22:26:51] [INFO] [cn.ztion.net.ApiTakumi:83] --开始签到角色:流连少女
[01-03 22:26:52] [INFO] [cn.ztion.net.ApiTakumi:100] --流连少女 签到结果: 旅行者,你已经签到过了
[01-03 22:26:53] [INFO] [cn.ztion.net.ApiTakumi:82] -------------------------
[01-03 22:26:53] [INFO] [cn.ztion.net.ApiTakumi:83] --开始签到角色:字笙
[01-03 22:26:53] [INFO] [cn.ztion.net.ApiTakumi:100] --字笙 签到结果: 旅行者,你已经签到过了
[01-03 22:26:53] [INFO] [cn.ztion.net.ApiTakumi:82] -------------------------
[01-03 22:26:53] [INFO] [cn.ztion.net.ApiTakumi:83] --开始签到角色:流连少女
[01-03 22:26:53] [INFO] [cn.ztion.net.ApiTakumi:100] --流连少女 签到结果: 旅行者,你已经签到过了
[01-03 22:27:16] [INFO] [cn.ztion.Start:22] --程序开始!开始加载cookie数据
[01-03 22:27:16] [INFO] [cn.ztion.tools.ReadFile:24] --加载qq-cookie文件...
[01-03 22:27:16] [INFO] [cn.ztion.tools.ReadFile:42] --总共加载到2条cookie数据
[01-03 22:27:17] [INFO] [cn.ztion.net.ApiTakumi:49] --获取签到奖励列表
[01-03 22:27:17] [INFO] [cn.ztion.Start:25] --开始登录机器人
[01-03 22:27:18] [INFO] [cn.ztion.bot.BotMaker:51] --登录中......
[01-03 22:27:21] [INFO] [cn.ztion.bot.BotMaker:54] --账号登录成功:47925328
[01-03 22:27:21] [INFO] [cn.ztion.bot.BotMaker:55] --好友数量:41
[01-03 22:27:21] [INFO] [cn.ztion.bot.BotMaker:56] --群聊数量:10
[01-03 22:27:21] [INFO] [cn.ztion.net.ApiTakumi:121] --开始加载游戏角色
[01-03 22:27:21] [INFO] [cn.ztion.net.ApiTakumi:145] --加载到角色:'字笙',UID:104466688
[01-03 22:27:21] [INFO] [cn.ztion.net.ApiTakumi:145] --加载到角色:'流连少女',UID:145602663
[01-03 22:27:21] [INFO] [cn.ztion.net.ApiTakumi:161] --共加载到:2个游戏角色
[01-03 22:27:21] [INFO] [cn.ztion.net.ApiTakumi:77] --开始签到
[01-03 22:27:21] [INFO] [cn.ztion.net.ApiTakumi:82] -------------------------
[01-03 22:27:21] [INFO] [cn.ztion.net.ApiTakumi:83] --开始签到角色:字笙
[01-03 22:27:21] [INFO] [cn.ztion.net.ApiTakumi:100] --字笙 签到结果: 旅行者,你已经签到过了
[01-03 22:27:21] [INFO] [cn.ztion.net.ApiTakumi:82] -------------------------
[01-03 22:27:21] [INFO] [cn.ztion.net.ApiTakumi:83] --开始签到角色:流连少女
[01-03 22:27:21] [INFO] [cn.ztion.net.ApiTakumi:100] --流连少女 签到结果: 旅行者,你已经签到过了
[01-03 22:27:22] [INFO] [cn.ztion.net.ApiTakumi:82] -------------------------
[01-03 22:27:22] [INFO] [cn.ztion.net.ApiTakumi:83] --开始签到角色:字笙
[01-03 22:27:22] [INFO] [cn.ztion.net.ApiTakumi:100] --字笙 签到结果: 旅行者,你已经签到过了
[01-03 22:27:22] [INFO] [cn.ztion.net.ApiTakumi:82] -------------------------
[01-03 22:27:22] [INFO] [cn.ztion.net.ApiTakumi:83] --开始签到角色:流连少女
[01-03 22:27:22] [INFO] [cn.ztion.net.ApiTakumi:100] --流连少女 签到结果: 旅行者,你已经签到过了
[01-03 22:27:28] [INFO] [cn.ztion.Start:22] --程序开始!开始加载cookie数据
[01-03 22:27:28] [INFO] [cn.ztion.tools.ReadFile:24] --加载qq-cookie文件...
[01-03 22:27:28] [INFO] [cn.ztion.tools.ReadFile:42] --总共加载到2条cookie数据
[01-03 22:27:28] [INFO] [cn.ztion.net.ApiTakumi:49] --获取签到奖励列表
[01-03 22:27:29] [INFO] [cn.ztion.Start:25] --开始登录机器人
[01-03 22:27:30] [INFO] [cn.ztion.bot.BotMaker:51] --登录中......
[01-03 22:27:32] [INFO] [cn.ztion.bot.BotMaker:54] --账号登录成功:47925328
[01-03 22:27:32] [INFO] [cn.ztion.bot.BotMaker:55] --好友数量:41
[01-03 22:27:32] [INFO] [cn.ztion.bot.BotMaker:56] --群聊数量:10
[01-03 22:27:32] [INFO] [cn.ztion.net.ApiTakumi:121] --开始加载游戏角色
[01-03 22:27:32] [INFO] [cn.ztion.net.ApiTakumi:145] --加载到角色:'字笙',UID:104466688
[01-03 22:27:33] [INFO] [cn.ztion.net.ApiTakumi:145] --加载到角色:'流连少女',UID:145602663
[01-03 22:27:33] [INFO] [cn.ztion.net.ApiTakumi:161] --共加载到:2个游戏角色
[01-03 22:27:33] [INFO] [cn.ztion.net.ApiTakumi:77] --开始签到
[01-03 22:27:52] [INFO] [cn.ztion.net.ApiTakumi:82] -------------------------
[01-03 22:27:52] [INFO] [cn.ztion.net.ApiTakumi:83] --开始签到角色:字笙
[01-03 22:27:52] [INFO] [cn.ztion.net.ApiTakumi:100] --字笙 签到结果: 旅行者,你已经签到过了
[01-03 22:27:52] [INFO] [cn.ztion.net.ApiTakumi:82] -------------------------
[01-03 22:27:52] [INFO] [cn.ztion.net.ApiTakumi:83] --开始签到角色:流连少女
[01-03 22:30:51] [INFO] [cn.ztion.Start:22] --程序开始!开始加载cookie数据
[01-03 22:30:51] [INFO] [cn.ztion.tools.ReadFile:24] --加载qq-cookie文件...
[01-03 22:30:51] [INFO] [cn.ztion.tools.ReadFile:42] --总共加载到2条cookie数据
[01-03 22:30:52] [INFO] [cn.ztion.net.ApiTakumi:49] --获取签到奖励列表
[01-03 22:30:52] [INFO] [cn.ztion.Start:25] --开始登录机器人
[01-03 22:30:53] [INFO] [cn.ztion.bot.BotMaker:51] --登录中......
[01-03 22:30:56] [INFO] [cn.ztion.bot.BotMaker:54] --账号登录成功:47925328
[01-03 22:30:56] [INFO] [cn.ztion.bot.BotMaker:55] --好友数量:41
[01-03 22:30:56] [INFO] [cn.ztion.bot.BotMaker:56] --群聊数量:10
[01-03 22:30:56] [INFO] [cn.ztion.net.ApiTakumi:121] --开始加载游戏角色
[01-03 22:30:56] [INFO] [cn.ztion.net.ApiTakumi:145] --加载到角色:'字笙',UID:104466688
[01-03 22:30:56] [INFO] [cn.ztion.net.ApiTakumi:145] --加载到角色:'流连少女',UID:145602663
[01-03 22:30:56] [INFO] [cn.ztion.net.ApiTakumi:77] --开始签到
[01-03 22:30:56] [INFO] [cn.ztion.net.ApiTakumi:82] -------------------------
[01-03 22:30:56] [INFO] [cn.ztion.net.ApiTakumi:83] --开始签到角色:字笙
[01-03 22:30:56] [INFO] [cn.ztion.net.ApiTakumi:100] --字笙 签到结果: 旅行者,你已经签到过了
[01-03 22:30:57] [INFO] [cn.ztion.net.ApiTakumi:82] -------------------------
[01-03 22:30:57] [INFO] [cn.ztion.net.ApiTakumi:83] --开始签到角色:流连少女
[01-03 22:30:57] [INFO] [cn.ztion.net.ApiTakumi:100] --流连少女 签到结果: 旅行者,你已经签到过了
[01-03 22:37:17] [INFO] [cn.ztion.Start:25] --程序开始!开始加载cookie数据
[01-03 22:37:17] [INFO] [cn.ztion.tools.ReadFile:23] --加载qq-cookie文件...
[01-03 22:37:17] [INFO] [cn.ztion.tools.ReadFile:41] --总共加载到2条cookie数据
[01-03 22:37:18] [INFO] [cn.ztion.net.ApiTakumi:48] --获取签到奖励列表
[01-03 22:37:18] [INFO] [cn.ztion.Start:28] --开始登录机器人
[01-03 22:37:19] [INFO] [cn.ztion.bot.BotMaker:47] --登录中......
[01-03 22:37:21] [INFO] [cn.ztion.bot.BotMaker:50] --账号登录成功:47925328
[01-03 22:37:21] [INFO] [cn.ztion.bot.BotMaker:51] --好友数量:41
[01-03 22:37:21] [INFO] [cn.ztion.bot.BotMaker:52] --群聊数量:10
[01-03 22:37:21] [INFO] [cn.ztion.net.ApiTakumi:119] --开始加载游戏角色
[01-03 22:37:22] [INFO] [cn.ztion.net.ApiTakumi:144] --加载到角色:'字笙',UID:104466688
[01-03 22:37:22] [INFO] [cn.ztion.net.ApiTakumi:144] --加载到角色:'流连少女',UID:145602663
[01-03 22:37:22] [INFO] [cn.ztion.net.ApiTakumi:162] --共加载到:2个游戏角色
[01-03 22:37:22] [INFO] [cn.ztion.net.ApiTakumi:76] --开始签到
[01-03 22:37:22] [INFO] [cn.ztion.net.ApiTakumi:81] -------------------------
[01-03 22:37:22] [INFO] [cn.ztion.net.ApiTakumi:82] --开始签到角色:字笙
[01-03 22:37:22] [INFO] [cn.ztion.net.ApiTakumi:98] --字笙 签到结果: 旅行者,你已经签到过了
[01-03 22:37:23] [INFO] [cn.ztion.net.ApiTakumi:81] -------------------------
[01-03 22:37:23] [INFO] [cn.ztion.net.ApiTakumi:82] --开始签到角色:流连少女
[01-03 22:37:23] [INFO] [cn.ztion.net.ApiTakumi:98] --流连少女 签到结果: 旅行者,你已经签到过了
[01-03 22:37:24] [INFO] [cn.ztion.Start:36] --已经开启定时任务,每天将自动签到
[01-03 22:37:24] [INFO] [cn.ztion.Start:69] --程序正常运行中
[01-03 22:38:00] [INFO] [cn.ztion.Start:53] --当前时间:2021-01-03 22:38:00 ,到点开始签到啦!
[01-03 22:43:14] [INFO] [cn.ztion.Start:25] --程序开始!开始加载cookie数据
[01-03 22:43:14] [INFO] [cn.ztion.tools.ReadFile:23] --加载qq-cookie文件...
[01-03 22:43:14] [INFO] [cn.ztion.tools.ReadFile:41] --总共加载到2条cookie数据
[01-03 22:43:15] [INFO] [cn.ztion.net.ApiTakumi:48] --获取签到奖励列表
[01-03 22:43:15] [INFO] [cn.ztion.Start:28] --开始登录机器人
[01-03 22:43:16] [INFO] [cn.ztion.bot.BotMaker:50] --登录中......
[01-03 22:43:19] [INFO] [cn.ztion.bot.BotMaker:53] --账号登录成功:47925328
[01-03 22:43:19] [INFO] [cn.ztion.bot.BotMaker:54] --好友数量:41
[01-03 22:43:19] [INFO] [cn.ztion.bot.BotMaker:55] --群聊数量:10
[01-03 22:43:19] [INFO] [cn.ztion.net.ApiTakumi:119] --开始加载游戏角色
[01-03 22:43:19] [INFO] [cn.ztion.net.ApiTakumi:144] --加载到角色:'字笙',UID:104466688
[01-03 22:43:19] [INFO] [cn.ztion.net.ApiTakumi:144] --加载到角色:'流连少女',UID:145602663
[01-03 22:43:19] [INFO] [cn.ztion.net.ApiTakumi:162] --共加载到:2个游戏角色
[01-03 22:43:19] [INFO] [cn.ztion.net.ApiTakumi:76] --开始签到
[01-03 22:43:19] [INFO] [cn.ztion.net.ApiTakumi:81] -------------------------
[01-03 22:43:19] [INFO] [cn.ztion.net.ApiTakumi:82] --开始签到角色:字笙
[01-03 22:43:19] [INFO] [cn.ztion.net.ApiTakumi:98] --字笙 签到结果: 旅行者,你已经签到过了
[01-03 22:43:20] [INFO] [cn.ztion.net.ApiTakumi:81] -------------------------
[01-03 22:43:20] [INFO] [cn.ztion.net.ApiTakumi:82] --开始签到角色:流连少女
[01-03 22:43:20] [INFO] [cn.ztion.net.ApiTakumi:98] --流连少女 签到结果: 旅行者,你已经签到过了
[01-03 22:43:21] [INFO] [cn.ztion.Start:36] --已经开启定时任务,每天将自动签到
[01-03 22:43:21] [INFO] [cn.ztion.Start:69] --程序正常运行中
[01-03 22:43:41] [INFO] [cn.ztion.Start:25] --程序开始!开始加载cookie数据
[01-03 22:43:41] [INFO] [cn.ztion.tools.ReadFile:23] --加载qq-cookie文件...
[01-03 22:43:41] [INFO] [cn.ztion.tools.ReadFile:41] --总共加载到2条cookie数据
[01-03 22:43:42] [INFO] [cn.ztion.net.ApiTakumi:48] --获取签到奖励列表
[01-03 22:43:42] [INFO] [cn.ztion.Start:28] --开始登录机器人
[01-03 22:43:42] [INFO] [cn.ztion.bot.BotMaker:59] --未启用QQ推送，跳过机器人初始化
[01-03 22:44:05] [INFO] [cn.ztion.Start:25] --程序开始!开始加载cookie数据
[01-03 22:44:05] [INFO] [cn.ztion.tools.ReadFile:23] --加载qq-cookie文件...
[01-03 22:44:05] [INFO] [cn.ztion.tools.ReadFile:41] --总共加载到2条cookie数据
[01-03 22:44:05] [INFO] [cn.ztion.net.ApiTakumi:48] --获取签到奖励列表
[01-03 22:44:06] [INFO] [cn.ztion.Start:28] --开始登录机器人
[01-03 22:44:06] [INFO] [cn.ztion.bot.BotMaker:59] --未启用QQ推送，跳过机器人初始化
[01-03 22:44:06] [INFO] [cn.ztion.net.ApiTakumi:119] --开始加载游戏角色
[01-03 22:44:06] [INFO] [cn.ztion.net.ApiTakumi:144] --加载到角色:'字笙',UID:104466688
[01-03 22:44:06] [INFO] [cn.ztion.net.ApiTakumi:144] --加载到角色:'流连少女',UID:145602663
[01-03 22:44:06] [INFO] [cn.ztion.net.ApiTakumi:162] --共加载到:2个游戏角色
[01-03 22:44:06] [INFO] [cn.ztion.net.ApiTakumi:76] --开始签到
[01-03 22:44:06] [INFO] [cn.ztion.net.ApiTakumi:81] -------------------------
[01-03 22:44:06] [INFO] [cn.ztion.net.ApiTakumi:82] --开始签到角色:字笙
[01-03 22:44:06] [INFO] [cn.ztion.net.ApiTakumi:98] --字笙 签到结果: 旅行者,你已经签到过了
[01-03 22:44:06] [INFO] [cn.ztion.net.ApiTakumi:81] -------------------------
[01-03 22:44:06] [INFO] [cn.ztion.net.ApiTakumi:82] --开始签到角色:流连少女
[01-03 22:44:06] [INFO] [cn.ztion.net.ApiTakumi:98] --流连少女 签到结果: 旅行者,你已经签到过了
[01-03 22:44:06] [INFO] [cn.ztion.Start:32] --已经开启定时任务,每天将自动签到
[01-03 22:44:06] [INFO] [cn.ztion.Start:65] --程序正常运行中
[01-03 22:44:24] [INFO] [cn.ztion.Start:25] --程序开始!开始加载cookie数据
[01-03 22:44:24] [INFO] [cn.ztion.tools.ReadFile:23] --加载qq-cookie文件...
[01-03 22:44:24] [INFO] [cn.ztion.tools.ReadFile:41] --总共加载到2条cookie数据
[01-03 22:44:24] [INFO] [cn.ztion.net.ApiTakumi:48] --获取签到奖励列表
[01-03 22:44:25] [INFO] [cn.ztion.Start:28] --开始登录机器人
[01-03 22:44:26] [INFO] [cn.ztion.bot.BotMaker:50] --登录中......
[01-03 22:44:28] [INFO] [cn.ztion.bot.BotMaker:53] --账号登录成功:47925328
[01-03 22:44:28] [INFO] [cn.ztion.bot.BotMaker:54] --好友数量:41
[01-03 22:44:28] [INFO] [cn.ztion.bot.BotMaker:55] --群聊数量:10
[01-03 22:44:28] [INFO] [cn.ztion.net.ApiTakumi:119] --开始加载游戏角色
[01-03 22:44:28] [INFO] [cn.ztion.net.ApiTakumi:144] --加载到角色:'字笙',UID:104466688
[01-03 22:44:28] [INFO] [cn.ztion.net.ApiTakumi:144] --加载到角色:'流连少女',UID:145602663
[01-03 22:44:28] [INFO] [cn.ztion.net.ApiTakumi:162] --共加载到:2个游戏角色
[01-03 22:44:28] [INFO] [cn.ztion.net.ApiTakumi:76] --开始签到
[01-03 22:44:28] [INFO] [cn.ztion.net.ApiTakumi:81] -------------------------
[01-03 22:44:28] [INFO] [cn.ztion.net.ApiTakumi:82] --开始签到角色:字笙
[01-03 22:44:28] [INFO] [cn.ztion.net.ApiTakumi:98] --字笙 签到结果: 旅行者,你已经签到过了
[01-03 22:44:29] [INFO] [cn.ztion.net.ApiTakumi:81] -------------------------
[01-03 22:44:29] [INFO] [cn.ztion.net.ApiTakumi:82] --开始签到角色:流连少女
[01-03 22:44:29] [INFO] [cn.ztion.net.ApiTakumi:98] --流连少女 签到结果: 旅行者,你已经签到过了
[01-03 22:44:30] [INFO] [cn.ztion.Start:32] --已经开启定时任务,每天将自动签到
[01-03 22:44:30] [INFO] [cn.ztion.Start:65] --程序正常运行中
[01-03 22:44:38] [INFO] [cn.ztion.Start:25] --程序开始!开始加载cookie数据
[01-03 22:44:38] [INFO] [cn.ztion.tools.ReadFile:23] --加载qq-cookie文件...
[01-03 22:44:38] [INFO] [cn.ztion.tools.ReadFile:41] --总共加载到2条cookie数据
[01-03 22:44:39] [INFO] [cn.ztion.net.ApiTakumi:48] --获取签到奖励列表
[01-03 22:44:39] [INFO] [cn.ztion.Start:28] --开始登录机器人
[01-03 22:44:40] [INFO] [cn.ztion.bot.BotMaker:50] --登录中......
[01-03 22:44:40] [INFO] [cn.ztion.bot.solver.BotSolver:22] --需要进行图片验证:
[01-03 22:44:40] [INFO] [cn.ztion.bot.solver.BotSolver:33] --请输入验证码,验证码图片在程序目录下cache/img/1e3dadd24fdc4491b9b6e970b653c8c4.jpg
[01-03 22:44:45] [INFO] [cn.ztion.bot.solver.BotSolver:22] --需要进行图片验证:
[01-03 22:44:45] [INFO] [cn.ztion.bot.solver.BotSolver:33] --请输入验证码,验证码图片在程序目录下cache/img/526b6111a8714a1ab3b41d332f42e65f.jpg
[01-03 22:46:51] [INFO] [cn.ztion.Start:25] --程序开始!开始加载cookie数据
[01-03 22:46:51] [INFO] [cn.ztion.tools.ReadFile:23] --加载qq-cookie文件...
[01-03 22:46:51] [INFO] [cn.ztion.tools.ReadFile:41] --总共加载到2条cookie数据
[01-03 22:46:52] [INFO] [cn.ztion.net.ApiTakumi:48] --获取签到奖励列表
[01-03 22:46:52] [INFO] [cn.ztion.Start:28] --开始登录机器人
[01-03 22:46:53] [INFO] [cn.ztion.bot.BotMaker:50] --登录中......
[01-03 22:46:53] [INFO] [cn.ztion.bot.solver.BotSolver:22] --需要进行图片验证:
[01-03 22:46:53] [INFO] [cn.ztion.bot.solver.BotSolver:33] --请输入验证码,验证码图片在程序目录下cache/img/8528d85e0898461296fa8f3d5c3433bc.jpg
[01-03 22:47:06] [INFO] [cn.ztion.bot.BotMaker:54] --QQ账号登录失败,程序结束:Error(title=禁止登录, message=当前上网环境异常，请更换网络环境或在常用设备上登录或稍后再试。, errorInfo=)
[01-03 22:48:50] [INFO] [cn.ztion.Start:25] --程序开始!开始加载cookie数据
[01-03 22:48:50] [INFO] [cn.ztion.tools.ReadFile:23] --加载qq-cookie文件...
[01-03 22:48:50] [INFO] [cn.ztion.tools.ReadFile:41] --总共加载到2条cookie数据
[01-03 22:48:50] [INFO] [cn.ztion.net.ApiTakumi:48] --获取签到奖励列表
[01-03 22:48:51] [INFO] [cn.ztion.Start:28] --开始登录机器人
[01-03 22:48:51] [INFO] [cn.ztion.bot.BotMaker:50] --登录中......
[01-03 22:48:53] [INFO] [cn.ztion.bot.BotMaker:58] --账号登录成功:47925328
[01-03 22:48:53] [INFO] [cn.ztion.bot.BotMaker:59] --好友数量:41
[01-03 22:48:53] [INFO] [cn.ztion.bot.BotMaker:60] --群聊数量:10
[01-03 22:48:53] [INFO] [cn.ztion.net.ApiTakumi:119] --开始加载游戏角色
[01-03 22:48:54] [INFO] [cn.ztion.net.ApiTakumi:144] --加载到角色:'字笙',UID:104466688
[01-03 22:48:54] [INFO] [cn.ztion.net.ApiTakumi:144] --加载到角色:'流连少女',UID:145602663
[01-03 22:48:54] [INFO] [cn.ztion.net.ApiTakumi:162] --共加载到:2个游戏角色
[01-03 22:48:54] [INFO] [cn.ztion.net.ApiTakumi:76] --开始签到
[01-03 22:48:54] [INFO] [cn.ztion.net.ApiTakumi:81] -------------------------
[01-03 22:48:54] [INFO] [cn.ztion.net.ApiTakumi:82] --开始签到角色:字笙
[01-03 22:48:54] [INFO] [cn.ztion.net.ApiTakumi:98] --字笙 签到结果: 旅行者,你已经签到过了
[01-03 22:48:55] [INFO] [cn.ztion.net.ApiTakumi:81] -------------------------
[01-03 22:48:55] [INFO] [cn.ztion.net.ApiTakumi:82] --开始签到角色:流连少女
[01-03 22:48:55] [INFO] [cn.ztion.net.ApiTakumi:98] --流连少女 签到结果: 旅行者,你已经签到过了
[01-03 22:48:56] [INFO] [cn.ztion.Start:32] --已经开启定时任务,每天将自动签到
[01-03 22:48:56] [INFO] [cn.ztion.Start:65] --程序正常运行中
[01-03 22:49:40] [INFO] [cn.ztion.Start:25] --程序开始!开始加载cookie数据
[01-03 22:49:40] [INFO] [cn.ztion.tools.ReadFile:23] --加载qq-cookie文件...
[01-03 22:49:40] [INFO] [cn.ztion.tools.ReadFile:41] --总共加载到2条cookie数据
[01-03 22:49:41] [INFO] [cn.ztion.net.ApiTakumi:48] --获取签到奖励列表
[01-03 22:49:41] [INFO] [cn.ztion.Start:28] --开始登录机器人
[01-03 22:49:42] [INFO] [cn.ztion.bot.BotMaker:50] --登录中......
[01-03 22:49:44] [INFO] [cn.ztion.bot.BotMaker:58] --账号登录成功:47925328
[01-03 22:49:44] [INFO] [cn.ztion.bot.BotMaker:59] --好友数量:41
[01-03 22:49:44] [INFO] [cn.ztion.bot.BotMaker:60] --群聊数量:10
[01-03 22:49:44] [INFO] [cn.ztion.net.ApiTakumi:119] --开始加载游戏角色
[01-03 22:49:45] [INFO] [cn.ztion.net.ApiTakumi:144] --加载到角色:'字笙',UID:104466688
[01-03 22:49:45] [INFO] [cn.ztion.net.ApiTakumi:144] --加载到角色:'流连少女',UID:145602663
[01-03 22:49:45] [INFO] [cn.ztion.net.ApiTakumi:162] --共加载到:2个游戏角色
[01-03 22:49:45] [INFO] [cn.ztion.net.ApiTakumi:76] --开始签到
[01-03 22:49:45] [INFO] [cn.ztion.net.ApiTakumi:81] -------------------------
[01-03 22:49:45] [INFO] [cn.ztion.net.ApiTakumi:82] --开始签到角色:字笙
[01-03 22:49:45] [INFO] [cn.ztion.net.ApiTakumi:98] --字笙 签到结果: 旅行者,你已经签到过了
[01-03 22:49:46] [INFO] [cn.ztion.net.ApiTakumi:81] -------------------------
[01-03 22:49:46] [INFO] [cn.ztion.net.ApiTakumi:82] --开始签到角色:流连少女
[01-03 22:49:46] [INFO] [cn.ztion.net.ApiTakumi:98] --流连少女 签到结果: 旅行者,你已经签到过了
[01-03 22:49:47] [INFO] [cn.ztion.Start:32] --已经开启定时任务,每天将自动签到
[01-03 22:49:47] [INFO] [cn.ztion.Start:65] --程序正常运行中
[01-03 23:03:18] [INFO] [cn.ztion.Start:25] --程序开始!开始加载cookie数据
[01-03 23:03:18] [INFO] [cn.ztion.tools.ReadFile:23] --加载qq-cookie文件...
[01-03 23:03:18] [INFO] [cn.ztion.tools.ReadFile:41] --总共加载到2条cookie数据
[01-03 23:03:18] [INFO] [cn.ztion.net.ApiTakumi:48] --获取签到奖励列表
[01-03 23:03:19] [INFO] [cn.ztion.Start:28] --开始登录机器人
[01-03 23:03:19] [INFO] [cn.ztion.bot.BotMaker:50] --登录中......
[01-03 23:03:22] [INFO] [cn.ztion.bot.BotMaker:58] --账号登录成功:47925328
[01-03 23:03:22] [INFO] [cn.ztion.bot.BotMaker:59] --好友数量:41
[01-03 23:03:22] [INFO] [cn.ztion.bot.BotMaker:60] --群聊数量:10
[01-03 23:03:22] [INFO] [cn.ztion.net.ApiTakumi:119] --开始加载游戏角色
[01-03 23:03:22] [INFO] [cn.ztion.net.ApiTakumi:144] --加载到角色:'字笙',UID:104466688
[01-03 23:03:22] [INFO] [cn.ztion.net.ApiTakumi:144] --加载到角色:'流连少女',UID:145602663
[01-03 23:03:22] [INFO] [cn.ztion.net.ApiTakumi:162] --共加载到:2个游戏角色
[01-03 23:03:22] [INFO] [cn.ztion.net.ApiTakumi:76] --开始签到
[01-03 23:03:22] [INFO] [cn.ztion.net.ApiTakumi:81] -------------------------
[01-03 23:03:22] [INFO] [cn.ztion.net.ApiTakumi:82] --开始签到角色:字笙
[01-03 23:03:22] [INFO] [cn.ztion.net.ApiTakumi:98] --字笙 签到结果: 旅行者,你已经签到过了
[01-03 23:03:23] [ERROR] [cn.ztion.tools.Sender:110] --cookie加载失败，程序退出
[01-03 23:03:57] [INFO] [cn.ztion.Start:25] --程序开始!开始加载cookie数据
[01-03 23:03:57] [INFO] [cn.ztion.tools.ReadFile:23] --加载qq-cookie文件...
[01-03 23:03:57] [INFO] [cn.ztion.tools.ReadFile:41] --总共加载到2条cookie数据
[01-03 23:03:57] [INFO] [cn.ztion.net.ApiTakumi:48] --获取签到奖励列表
[01-03 23:03:58] [INFO] [cn.ztion.Start:28] --开始登录机器人
[01-03 23:03:59] [INFO] [cn.ztion.bot.BotMaker:50] --登录中......
[01-03 23:04:01] [INFO] [cn.ztion.bot.BotMaker:58] --账号登录成功:47925328
[01-03 23:04:01] [INFO] [cn.ztion.bot.BotMaker:59] --好友数量:41
[01-03 23:04:01] [INFO] [cn.ztion.bot.BotMaker:60] --群聊数量:10
[01-03 23:04:01] [INFO] [cn.ztion.net.ApiTakumi:119] --开始加载游戏角色
[01-03 23:04:01] [INFO] [cn.ztion.net.ApiTakumi:144] --加载到角色:'字笙',UID:104466688
[01-03 23:04:01] [INFO] [cn.ztion.net.ApiTakumi:144] --加载到角色:'流连少女',UID:145602663
[01-03 23:04:02] [INFO] [cn.ztion.net.ApiTakumi:162] --共加载到:2个游戏角色
[01-03 23:04:02] [INFO] [cn.ztion.net.ApiTakumi:76] --开始签到
[01-03 23:04:02] [INFO] [cn.ztion.net.ApiTakumi:81] -------------------------
[01-03 23:04:02] [INFO] [cn.ztion.net.ApiTakumi:82] --开始签到角色:字笙
[01-03 23:04:02] [INFO] [cn.ztion.net.ApiTakumi:98] --字笙 签到结果: 旅行者,你已经签到过了
[01-03 23:04:02] [ERROR] [cn.ztion.tools.Sender:110] --cookie加载失败，程序退出
[01-03 23:04:27] [INFO] [cn.ztion.Start:25] --程序开始!开始加载cookie数据
[01-03 23:04:27] [INFO] [cn.ztion.tools.ReadFile:23] --加载qq-cookie文件...
[01-03 23:04:27] [INFO] [cn.ztion.tools.ReadFile:41] --总共加载到2条cookie数据
[01-03 23:04:28] [INFO] [cn.ztion.net.ApiTakumi:48] --获取签到奖励列表
[01-03 23:04:28] [INFO] [cn.ztion.Start:28] --开始登录机器人
[01-03 23:04:29] [INFO] [cn.ztion.bot.BotMaker:50] --登录中......
[01-03 23:04:32] [INFO] [cn.ztion.bot.BotMaker:58] --账号登录成功:47925328
[01-03 23:04:32] [INFO] [cn.ztion.bot.BotMaker:59] --好友数量:41
[01-03 23:04:32] [INFO] [cn.ztion.bot.BotMaker:60] --群聊数量:10
[01-03 23:04:32] [INFO] [cn.ztion.net.ApiTakumi:119] --开始加载游戏角色
[01-03 23:04:32] [INFO] [cn.ztion.net.ApiTakumi:144] --加载到角色:'字笙',UID:104466688
[01-03 23:04:32] [INFO] [cn.ztion.net.ApiTakumi:144] --加载到角色:'流连少女',UID:145602663
[01-03 23:04:32] [INFO] [cn.ztion.net.ApiTakumi:162] --共加载到:2个游戏角色
[01-03 23:04:32] [INFO] [cn.ztion.net.ApiTakumi:76] --开始签到
[01-03 23:04:32] [INFO] [cn.ztion.net.ApiTakumi:81] -------------------------
[01-03 23:04:32] [INFO] [cn.ztion.net.ApiTakumi:82] --开始签到角色:字笙
[01-03 23:04:32] [INFO] [cn.ztion.net.ApiTakumi:98] --字笙 签到结果: 旅行者,你已经签到过了
[01-03 23:04:33] [ERROR] [cn.ztion.tools.Sender:110] --cookie加载失败，程序退出
[01-03 23:06:06] [INFO] [cn.ztion.Start:25] --程序开始!开始加载cookie数据
[01-03 23:06:06] [INFO] [cn.ztion.tools.ReadFile:23] --加载qq-cookie文件...
[01-03 23:06:06] [INFO] [cn.ztion.tools.ReadFile:41] --总共加载到2条cookie数据
[01-03 23:06:07] [INFO] [cn.ztion.net.ApiTakumi:48] --获取签到奖励列表
[01-03 23:06:07] [INFO] [cn.ztion.Start:28] --开始登录机器人
[01-03 23:06:08] [INFO] [cn.ztion.bot.BotMaker:50] --登录中......
[01-03 23:06:10] [INFO] [cn.ztion.bot.BotMaker:58] --账号登录成功:47925328
[01-03 23:06:10] [INFO] [cn.ztion.bot.BotMaker:59] --好友数量:41
[01-03 23:06:10] [INFO] [cn.ztion.bot.BotMaker:60] --群聊数量:10
[01-03 23:06:10] [INFO] [cn.ztion.net.ApiTakumi:119] --开始加载游戏角色
[01-03 23:06:10] [INFO] [cn.ztion.net.ApiTakumi:144] --加载到角色:'字笙',UID:104466688
[01-03 23:06:10] [INFO] [cn.ztion.net.ApiTakumi:144] --加载到角色:'流连少女',UID:145602663
[01-03 23:06:11] [INFO] [cn.ztion.net.ApiTakumi:162] --共加载到:2个游戏角色
[01-03 23:06:11] [INFO] [cn.ztion.net.ApiTakumi:76] --开始签到
[01-03 23:06:11] [INFO] [cn.ztion.net.ApiTakumi:81] -------------------------
[01-03 23:06:11] [INFO] [cn.ztion.net.ApiTakumi:82] --开始签到角色:字笙
[01-03 23:06:11] [INFO] [cn.ztion.net.ApiTakumi:98] --字笙 签到结果: 旅行者,你已经签到过了
[01-03 23:06:12] [INFO] [cn.ztion.net.ApiTakumi:81] -------------------------
[01-03 23:06:12] [INFO] [cn.ztion.net.ApiTakumi:82] --开始签到角色:流连少女
[01-03 23:06:12] [INFO] [cn.ztion.net.ApiTakumi:98] --流连少女 签到结果: 旅行者,你已经签到过了
[01-03 23:06:13] [INFO] [cn.ztion.Start:32] --已经开启定时任务,每天将自动签到
[01-03 23:06:13] [INFO] [cn.ztion.Start:65] --程序正常运行中
[01-03 23:11:19] [INFO] [cn.ztion.Start:25] --程序开始!开始加载cookie数据
[01-03 23:11:19] [INFO] [cn.ztion.tools.ReadFile:23] --加载qq-cookie文件...
[01-03 23:11:19] [INFO] [cn.ztion.tools.ReadFile:41] --总共加载到2条cookie数据
[01-03 23:11:20] [INFO] [cn.ztion.net.ApiTakumi:48] --获取签到奖励列表
[01-03 23:11:20] [INFO] [cn.ztion.Start:28] --开始登录机器人
[01-03 23:11:21] [INFO] [cn.ztion.bot.BotMaker:50] --登录中......
[01-03 23:11:23] [INFO] [cn.ztion.bot.BotMaker:58] --账号登录成功:47925328
[01-03 23:11:23] [INFO] [cn.ztion.bot.BotMaker:59] --好友数量:41
[01-03 23:11:23] [INFO] [cn.ztion.bot.BotMaker:60] --群聊数量:10
[01-03 23:11:23] [INFO] [cn.ztion.net.ApiTakumi:119] --开始加载游戏角色
[01-03 23:11:23] [INFO] [cn.ztion.net.ApiTakumi:144] --加载到角色:'字笙',UID:104466688
[01-03 23:11:24] [INFO] [cn.ztion.net.ApiTakumi:144] --加载到角色:'流连少女',UID:145602663
[01-03 23:11:24] [INFO] [cn.ztion.net.ApiTakumi:162] --共加载到:2个游戏角色
[01-03 23:11:24] [INFO] [cn.ztion.net.ApiTakumi:76] --开始签到
[01-03 23:11:24] [INFO] [cn.ztion.net.ApiTakumi:81] -------------------------
[01-03 23:11:24] [INFO] [cn.ztion.net.ApiTakumi:82] --开始签到角色:字笙
[01-03 23:11:24] [INFO] [cn.ztion.net.ApiTakumi:98] --字笙 签到结果: 旅行者,你已经签到过了
[01-03 23:11:25] [INFO] [cn.ztion.net.ApiTakumi:81] -------------------------
[01-03 23:11:25] [INFO] [cn.ztion.net.ApiTakumi:82] --开始签到角色:流连少女
[01-03 23:11:25] [INFO] [cn.ztion.net.ApiTakumi:98] --流连少女 签到结果: 旅行者,你已经签到过了
[01-03 23:11:26] [INFO] [cn.ztion.Start:32] --已经开启定时任务,每天将自动签到
[01-03 23:11:26] [INFO] [cn.ztion.Start:65] --程序正常运行中
